level=info service=gateway time=2024-01-02T14:52:28.904875+05:30 caller=main.go:35 msg="service started" port=9000 time=2024-01-02T14:52:28.9053988+05:30
level=error service=gateway time=2024-01-02T14:52:28.904875+05:30 caller=admin.go:64 method=MakeAdminSignUpGatewayHandler time=2024-01-02T14:53:20.041467+05:30 Error="ERROR: duplicate key value violates unique constraint \"admins_email_key\" (SQLSTATE 23505)" time=2024-01-02T14:53:20.1112672+05:30
level=info service=gateway time=2024-01-04T16:38:46.9457508+05:30 caller=main.go:35 msg="service started" port=9000 time=2024-01-04T16:38:46.9539069+05:30
level=error service=gateway time=2024-01-04T16:38:46.9457508+05:30 caller=member.go:131 method=MakeMemberLoginGatewayHandler time=2024-01-04T16:39:10.8588174+05:30 Error="<!DOCTYPE HTML PUBLIC \"-//IETF//DTD HTML 2.0//EN\">\n<html><head>\n<title>404 Not Found</title>\n</head><body>\n<h1>Not Found</h1>\n<p>The requested URL was not found on this server.</p>\n</body></html>\n" time=2024-01-04T16:39:10.8623016+05:30
level=error service=gateway time=2024-01-04T16:38:46.9457508+05:30 caller=member.go:131 method=MakeMemberLoginGatewayHandler time=2024-01-04T16:39:22.5015224+05:30 Error="<!DOCTYPE HTML PUBLIC \"-//IETF//DTD HTML 2.0//EN\">\n<html><head>\n<title>404 Not Found</title>\n</head><body>\n<h1>Not Found</h1>\n<p>The requested URL was not found on this server.</p>\n</body></html>\n" time=2024-01-04T16:39:22.504492+05:30
level=error service=gateway time=2024-01-04T16:38:46.9457508+05:30 caller=member.go:131 method=MakeMemberLoginGatewayHandler time=2024-01-04T16:39:39.1085158+05:30 Error="<!DOCTYPE HTML PUBLIC \"-//IETF//DTD HTML 2.0//EN\">\n<html><head>\n<title>404 Not Found</title>\n</head><body>\n<h1>Not Found</h1>\n<p>The requested URL was not found on this server.</p>\n</body></html>\n" time=2024-01-04T16:39:39.118126+05:30
level=info service=gateway time=2024-01-04T16:39:48.2520959+05:30 caller=main.go:35 msg="service started" port=9000 time=2024-01-04T16:39:48.2532007+05:30
level=error service=gateway time=2024-01-04T16:39:48.2520959+05:30 caller=member.go:131 method=MakeMemberLoginGatewayHandler time=2024-01-04T16:39:54.975904+05:30 Error="<!DOCTYPE HTML PUBLIC \"-//IETF//DTD HTML 2.0//EN\">\n<html><head>\n<title>404 Not Found</title>\n</head><body>\n<h1>Not Found</h1>\n<p>The requested URL was not found on this server.</p>\n</body></html>\n" time=2024-01-04T16:39:54.9792705+05:30
level=info service=gateway time=2024-01-04T16:40:45.8152319+05:30 caller=main.go:35 msg="service started" port=9000 time=2024-01-04T16:40:45.822408+05:30
level=error service=gateway time=2024-01-04T16:40:45.8152319+05:30 caller=member.go:116 method=MakeMemberLoginGatewayHandler time=2024-01-04T16:40:50.072409+05:30 Error="Post \"http://localhost/e-commerce/v1/member/login\": EOF" time=2024-01-04T16:40:58.0461495+05:30
level=info service=gateway time=2024-01-04T16:41:12.3557265+05:30 caller=main.go:35 msg="service started" port=9000 time=2024-01-04T16:41:12.3562466+05:30
level=error service=gateway time=2024-01-04T16:41:12.3557265+05:30 caller=member.go:116 method=MakeMemberLoginGatewayHandler time=2024-01-04T16:41:16.2577216+05:30 Error="Post \"http://localhost/e-commerce/v1/member/login\": EOF" time=2024-01-04T16:41:23.5787203+05:30
level=error service=gateway time=2024-01-04T16:41:12.3557265+05:30 caller=admin.go:110 method=MakeAdminLoginGatewayHandler time=2024-01-04T16:41:27.8415626+05:30 Error="Post \"http://localhost/e-commerce/v1/admin/login\": EOF" time=2024-01-04T16:41:41.3130364+05:30
level=info service=gateway time=2024-01-04T16:43:48.0666267+05:30 caller=main.go:35 msg="service started" port=9000 time=2024-01-04T16:43:48.0676586+05:30
level=error service=gateway time=2024-01-04T16:43:48.0666267+05:30 caller=member.go:215 method=MakeGetAllMembersGatewayHandler time=2024-01-04T16:44:06.8660727+05:30 Error=UnAuthorized time=2024-01-04T16:44:06.867685+05:30
level=info service=gateway time=2024-01-04T16:48:04.0550679+05:30 caller=main.go:35 msg="service started" port=9000 time=2024-01-04T16:48:04.0555821+05:30
level=error service=gateway time=2024-01-04T16:48:04.0550679+05:30 caller=member.go:195 method=MakeGetAllMembersGatewayHandler time=2024-01-04T16:48:45.3984816+05:30 Error="parse \"http://localhost:8080/e-commerce/v1/admin/get-members%!(EXTRA string=admin, string=secret)\": invalid URL escape \"%!(\"" time=2024-01-04T16:48:45.3994014+05:30
level=info service=gateway time=2024-01-04T16:52:15.9279052+05:30 caller=main.go:35 msg="service started" port=9000 time=2024-01-04T16:52:15.9349787+05:30
level=error service=gateway time=2024-01-04T16:52:15.9279052+05:30 caller=member.go:217 method=MakeGetAllMembersGatewayHandler time=2024-01-04T16:52:23.6423729+05:30 Error=UnAuthorized time=2024-01-04T16:52:23.6537601+05:30
level=error service=gateway time=2024-01-04T16:52:15.9279052+05:30 caller=member.go:217 method=MakeGetAllMembersGatewayHandler time=2024-01-04T16:53:10.3628335+05:30 Error=UnAuthorized time=2024-01-04T16:53:10.3664455+05:30
level=info service=gateway time=2024-01-04T16:53:34.7469087+05:30 caller=main.go:35 msg="service started" port=9000 time=2024-01-04T16:53:34.7550037+05:30
level=error service=gateway time=2024-01-04T16:53:34.7469087+05:30 caller=member.go:174 method=MakeGetMemberByMailHandler time=2024-01-04T17:09:06.4800223+05:30 Error=UnAuthorized time=2024-01-04T17:09:06.4861659+05:30
level=info service=gateway time=2024-01-04T17:12:15.1721498+05:30 caller=main.go:35 msg="service started" port=9000 time=2024-01-04T17:12:15.1732335+05:30
level=info service=gateway time=2024-01-04T17:26:32.2896269+05:30 caller=main.go:35 msg="service started" port=9000 time=2024-01-04T17:26:32.2901694+05:30
level=info service=gateway time=2024-01-04T17:28:05.5334742+05:30 caller=main.go:35 msg="service started" port=9000 time=2024-01-04T17:28:05.5345543+05:30
level=error service=gateway time=2024-01-04T17:28:05.5334742+05:30 caller=member.go:165 method=MakeGetMemberByMailHandler time=2024-01-04T17:28:09.8606119+05:30 Error="Get \"localhost:8080/e-commerce/v1/admin/get-member/?client_id=admin1&client_secret=secret1&email=arunchandramohan.3@gmail.com%!(EXTRA string=admin, string=secret, string=arunchandramohan.3@gmail.com)\": unsupported protocol scheme \"localhost\"" time=2024-01-04T17:28:09.8629084+05:30
level=error service=gateway time=2024-01-04T17:28:05.5334742+05:30 caller=member.go:165 method=MakeGetMemberByMailHandler time=2024-01-04T17:31:11.9620862+05:30 Error="Get \"localhost:8080/e-commerce/v1/admin/get-member/?client_id=admin1&client_secret=secret1&email=arunchandramohan.3@gmail.com%!(EXTRA string=admin, string=secret, string=arunchandramohan.3@gmail.com)\": unsupported protocol scheme \"localhost\"" time=2024-01-04T17:31:11.9653039+05:30
level=info service=gateway time=2024-01-04T17:32:24.8407846+05:30 caller=main.go:35 msg="service started" port=9000 time=2024-01-04T17:32:24.8418296+05:30
level=error service=gateway time=2024-01-04T17:32:24.8407846+05:30 caller=member.go:165 method=MakeGetMemberByMailHandler time=2024-01-04T17:32:28.1789065+05:30 Error="Get \"localhost:8080/e-commerce/v1/admin/get-member/?client_id=admin1&client_secret=secret1&email=arunchandramohan.3@gmail.com\": unsupported protocol scheme \"localhost\"" time=2024-01-04T17:32:28.1799935+05:30
level=info service=gateway time=2024-01-04T17:32:54.3327419+05:30 caller=main.go:35 msg="service started" port=9000 time=2024-01-04T17:32:54.3344351+05:30
level=error service=gateway time=2024-01-04T17:32:54.3327419+05:30 caller=member.go:165 method=MakeGetMemberByMailHandler time=2024-01-04T17:32:58.6932815+05:30 Error="Get \"localhost:8080/e-commerce/v1/admin/get-member/?client_id=admin1&client_secret=secret1&email=arunchandramohan.3@gmail.com\": unsupported protocol scheme \"localhost\"" time=2024-01-04T17:32:58.6956833+05:30
level=info service=gateway time=2024-01-04T17:36:05.8421891+05:30 caller=main.go:35 msg="service started" port=9000 time=2024-01-04T17:36:05.8493449+05:30
level=info service=gateway time=2024-01-04T17:45:24.7234944+05:30 caller=main.go:35 msg="service started" port=9000 time=2024-01-04T17:45:24.7305165+05:30
level=error service=gateway time=2024-01-04T17:45:24.7234944+05:30 caller=member.go:180 method=MakeGetMemberByMailHandler time=2024-01-04T17:45:37.9552757+05:30 Error=UnAuthorized time=2024-01-04T17:45:37.9564808+05:30
level=info service=gateway time=2024-01-04T19:14:05.0316186+05:30 caller=main.go:35 msg="service started" port=9000 time=2024-01-04T19:14:05.0384531+05:30
level=error service=gateway time=2024-01-04T19:14:05.0316186+05:30 caller=brand.go:69 method=MakeAddBrandGatewayHandler time=2024-01-04T19:14:33.6653059+05:30 Error="400 Bad Request" time=2024-01-04T19:14:33.6724437+05:30
level=error service=gateway time=2024-01-04T19:14:05.0316186+05:30 caller=brand.go:69 method=MakeAddBrandGatewayHandler time=2024-01-04T19:14:39.1874472+05:30 Error="400 Bad Request" time=2024-01-04T19:14:39.1918959+05:30
level=info service=gateway time=2024-01-04T19:15:06.8763637+05:30 caller=main.go:35 msg="service started" port=9000 time=2024-01-04T19:15:06.8773979+05:30
level=error service=gateway time=2024-01-04T19:15:06.8763637+05:30 caller=brand.go:69 method=MakeAddBrandGatewayHandler time=2024-01-04T19:15:12.3878507+05:30 Error="400 Bad Request" time=2024-01-04T19:15:12.3955431+05:30
level=info service=gateway time=2024-01-04T19:17:25.0642537+05:30 caller=main.go:35 msg="service started" port=9000 time=2024-01-04T19:17:25.0652906+05:30
level=error service=gateway time=2024-01-04T19:17:25.0642537+05:30 caller=brand.go:72 method=MakeAddBrandGatewayHandler time=2024-01-04T19:17:27.4751044+05:30 Error="400 Bad Request" time=2024-01-04T19:17:27.4863395+05:30
level=info service=gateway time=2024-01-04T19:18:18.338804+05:30 caller=main.go:35 msg="service started" port=9000 time=2024-01-04T19:18:18.3398373+05:30
level=error service=gateway time=2024-01-04T19:18:18.338804+05:30 caller=brand.go:72 method=MakeAddBrandGatewayHandler time=2024-01-04T19:18:20.4749984+05:30 Error="400 Bad Request" time=2024-01-04T19:18:20.4828791+05:30
level=info service=gateway time=2024-01-04T19:20:47.2725347+05:30 caller=main.go:35 msg="service started" port=9000 time=2024-01-04T19:20:47.2736272+05:30
level=error service=gateway time=2024-01-04T19:20:47.2725347+05:30 caller=brand.go:74 method=MakeAddBrandGatewayHandler time=2024-01-04T19:20:51.7352743+05:30 Error="400 Bad Request" time=2024-01-04T19:20:51.7433538+05:30
level=info service=gateway time=2024-01-04T19:21:33.0854674+05:30 caller=main.go:35 msg="service started" port=9000 time=2024-01-04T19:21:33.0860125+05:30
level=error service=gateway time=2024-01-04T19:21:33.0854674+05:30 caller=brand.go:76 method=MakeAddBrandGatewayHandler time=2024-01-04T19:21:36.0242593+05:30 Error="400 Bad Request" time=2024-01-04T19:21:36.0330885+05:30
level=info service=gateway time=2024-01-04T19:22:19.7393506+05:30 caller=main.go:35 msg="service started" port=9000 time=2024-01-04T19:22:19.7398693+05:30
level=error service=gateway time=2024-01-04T19:22:19.7393506+05:30 caller=brand.go:76 method=MakeAddBrandGatewayHandler time=2024-01-04T19:22:23.3318211+05:30 Error="400 Bad Request" time=2024-01-04T19:22:23.3427183+05:30
level=info service=gateway time=2024-01-04T19:27:02.2565195+05:30 caller=main.go:35 msg="service started" port=9000 time=2024-01-04T19:27:02.2570733+05:30
level=error service=gateway time=2024-01-04T19:27:02.2565195+05:30 caller=brand.go:81 method=MakeAddBrandGatewayHandler time=2024-01-04T19:27:08.6531017+05:30 Error="400 Bad Request" time=2024-01-04T19:27:08.6608551+05:30
level=info service=gateway time=2024-01-04T19:29:02.2067308+05:30 caller=main.go:35 msg="service started" port=9000 time=2024-01-04T19:29:02.2078186+05:30
level=error service=gateway time=2024-01-04T19:29:02.2067308+05:30 caller=brand.go:81 method=MakeAddBrandGatewayHandler time=2024-01-04T19:29:44.8600178+05:30 Error="400 Bad Request" time=2024-01-04T19:29:44.8681266+05:30
level=info service=gateway time=2024-01-04T19:36:07.0837185+05:30 caller=main.go:35 msg="service started" port=9000 time=2024-01-04T19:36:07.0847522+05:30
level=error service=gateway time=2024-01-04T19:36:07.0837185+05:30 caller=brand.go:72 method=MakeAddBrandGatewayHandler time=2024-01-04T19:36:11.7740085+05:30 Error="Key: 'Brand.BrandName' Error:Field validation for 'BrandName' failed on the 'required' tag\nKey: 'Brand.BrandPrice' Error:Field validation for 'BrandPrice' failed on the 'required' tag" time=2024-01-04T19:36:11.7951979+05:30
level=error service=gateway time=2024-01-04T19:36:07.0837185+05:30 caller=brand.go:72 method=MakeAddBrandGatewayHandler time=2024-01-04T19:36:45.496552+05:30 Error="Key: 'Brand.BrandName' Error:Field validation for 'BrandName' failed on the 'required' tag\nKey: 'Brand.BrandPrice' Error:Field validation for 'BrandPrice' failed on the 'required' tag" time=2024-01-04T19:36:45.5048516+05:30
level=info service=gateway time=2024-01-04T19:37:51.2122808+05:30 caller=main.go:35 msg="service started" port=9000 time=2024-01-04T19:37:51.2128228+05:30
level=error service=gateway time=2024-01-04T19:37:51.2122808+05:30 caller=brand.go:72 method=MakeAddBrandGatewayHandler time=2024-01-04T19:37:54.714035+05:30 Error="Key: 'Brand.BrandName' Error:Field validation for 'BrandName' failed on the 'required' tag\nKey: 'Brand.BrandPrice' Error:Field validation for 'BrandPrice' failed on the 'required' tag" time=2024-01-04T19:37:54.7252501+05:30
level=info service=gateway time=2024-01-04T19:39:24.4738254+05:30 caller=main.go:35 msg="service started" port=9000 time=2024-01-04T19:39:24.4749266+05:30
level=error service=gateway time=2024-01-04T19:39:24.4738254+05:30 caller=brand.go:79 method=MakeAddBrandGatewayHandler time=2024-01-04T19:39:29.445165+05:30 Error="ERROR: duplicate key value violates unique constraint \"brands_brand_name_key\" (SQLSTATE 23505)" time=2024-01-04T19:39:29.4562049+05:30
level=info service=gateway time=2024-01-04T19:40:32.7339613+05:30 caller=main.go:35 msg="service started" port=9000 time=2024-01-04T19:40:32.7344759+05:30
level=info service=gateway time=2024-01-04T19:50:45.8998338+05:30 caller=main.go:35 msg="service started" port=9000 time=2024-01-04T19:50:45.9003783+05:30
level=info service=gateway time=2024-01-05T10:42:38.8333675+05:30 caller=main.go:35 msg="service started" port=9000 time=2024-01-05T10:42:38.8405988+05:30
level=error service=gateway time=2024-01-05T10:42:38.8333675+05:30 caller=member.go:219 method=MakeGetAllMembersGatewayHandler time=2024-01-05T11:00:43.3848546+05:30 Error=UnAuthorized time=2024-01-05T11:00:43.39721+05:30
level=info service=gateway time=2024-01-05T11:16:57.9359708+05:30 caller=main.go:35 msg="service started" port=9000 time=2024-01-05T11:16:57.9432587+05:30
level=info service=gateway time=2024-01-05T11:18:54.0754364+05:30 caller=main.go:35 msg="service started" port=9000 time=2024-01-05T11:18:54.0770603+05:30
level=error service=gateway time=2024-01-05T11:18:54.0754364+05:30 caller=member.go:219 method=MakeGetAllMembersGatewayHandler time=2024-01-05T11:18:57.8465425+05:30 Error=UnAuthorized time=2024-01-05T11:18:57.8560045+05:30
level=error service=gateway time=2024-01-05T11:18:54.0754364+05:30 caller=member.go:219 method=MakeGetAllMembersGatewayHandler time=2024-01-05T11:19:03.1023489+05:30 Error=UnAuthorized time=2024-01-05T11:19:03.1035135+05:30
level=info service=gateway time=2024-01-05T11:21:42.3451625+05:30 caller=main.go:35 msg="service started" port=9000 time=2024-01-05T11:21:42.3462474+05:30
level=error service=gateway time=2024-01-05T11:21:42.3451625+05:30 caller=brand.go:272 method=MakeUpdateBrandByNameHandler time=2024-01-05T11:21:48.7286318+05:30 Error="Put \"localhost:8081/e-commerce/v1/update-brand-by-name/?client_id=admin&client_secret=secret&brand_name=Dell\": unsupported protocol scheme \"localhost\"" time=2024-01-05T11:21:48.7297322+05:30
level=info service=gateway time=2024-01-05T11:22:08.0308108+05:30 caller=main.go:35 msg="service started" port=9000 time=2024-01-05T11:22:08.0324515+05:30
level=info service=gateway time=2024-01-05T11:22:45.7214469+05:30 caller=main.go:35 msg="service started" port=9000 time=2024-01-05T11:22:45.7308327+05:30
level=info service=gateway time=2024-01-05T11:25:01.7105021+05:30 caller=main.go:35 msg="service started" port=9000 time=2024-01-05T11:25:01.7110436+05:30
level=info service=gateway time=2024-01-05T11:25:28.890034+05:30 caller=main.go:35 msg="service started" port=9000 time=2024-01-05T11:25:28.8905695+05:30
level=info service=gateway time=2024-01-05T11:25:55.9716919+05:30 caller=main.go:35 msg="service started" port=9000 time=2024-01-05T11:25:55.9728093+05:30
level=info service=gateway time=2024-01-05T11:26:16.9118498+05:30 caller=main.go:35 msg="service started" port=9000 time=2024-01-05T11:26:16.9124244+05:30
level=error service=gateway time=2024-01-05T11:26:16.9118498+05:30 caller=brand.go:225 method=MakeDeleteBrandByIDGatewayHandler time=2024-01-05T11:26:36.2496728+05:30 Error="record not found" time=2024-01-05T11:26:36.2660067+05:30
level=info service=gateway time=2024-01-05T11:38:41.1903578+05:30 caller=main.go:35 msg="service started" port=9000 time=2024-01-05T11:38:41.1914097+05:30
level=info service=gateway time=2024-01-05T11:45:16.2207274+05:30 caller=main.go:35 msg="service started" port=9000 time=2024-01-05T11:45:16.2212732+05:30
level=error service=gateway time=2024-01-05T11:45:16.2207274+05:30 caller=admin.go:118 method=MakeAdminLoginGatewayHandler time=2024-01-05T11:56:35.5850247+05:30 Error="<!DOCTYPE HTML PUBLIC \"-//IETF//DTD HTML 2.0//EN\">\n<html><head>\n<title>404 Not Found</title>\n</head><body>\n<h1>Not Found</h1>\n<p>The requested URL was not found on this server.</p>\n</body></html>\n" time=2024-01-05T11:56:35.6051195+05:30
level=info service=gateway time=2024-01-05T11:58:06.0488764+05:30 caller=main.go:35 msg="service started" port=9000 time=2024-01-05T11:58:06.0499083+05:30
level=info service=gateway time=2024-01-05T12:00:54.477616+05:30 caller=main.go:35 msg="service started" port=9000 time=2024-01-05T12:00:54.4786803+05:30
level=info service=gateway time=2024-01-05T12:02:35.9720586+05:30 caller=main.go:35 msg="service started" port=9000 time=2024-01-05T12:02:35.9731136+05:30
level=info service=gateway time=2024-01-05T12:59:55.0463952+05:30 caller=main.go:35 msg="service started" port=9000 time=2024-01-05T12:59:55.053518+05:30
level=info service=gateway time=2024-01-05T13:08:17.3618557+05:30 caller=main.go:35 msg="service started" port=9000 time=2024-01-05T13:08:17.3628183+05:30
level=info service=gateway time=2024-01-05T13:09:59.4809328+05:30 caller=main.go:35 msg="service started" port=9000 time=2024-01-05T13:09:59.4820196+05:30
level=info service=gateway time=2024-01-05T13:15:28.5692663+05:30 caller=main.go:35 msg="service started" port=9000 time=2024-01-05T13:15:28.5698078+05:30
level=info service=gateway time=2024-01-05T13:16:40.508324+05:30 caller=main.go:35 msg="service started" port=9000 time=2024-01-05T13:16:40.5088396+05:30
level=info service=gateway time=2024-01-05T13:26:00.0630482+05:30 caller=main.go:35 msg="service started" port=9000 time=2024-01-05T13:26:00.0635905+05:30
level=error service=gateway time=2024-01-05T13:26:00.0630482+05:30 caller=order.go:310 method=MakeAddOrderGatewayHandler time=2024-01-05T13:26:59.1514809+05:30 Error="record not found" time=2024-01-05T13:26:59.154859+05:30
level=info service=gateway time=2024-01-05T13:31:28.5514004+05:30 caller=main.go:35 msg="service started" port=9000 time=2024-01-05T13:31:28.5519043+05:30
level=info service=gateway time=2024-01-05T13:33:00.9071205+05:30 caller=main.go:35 msg="service started" port=9000 time=2024-01-05T13:33:00.9076375+05:30
level=info service=gateway time=2024-01-05T13:34:59.0156573+05:30 caller=main.go:35 msg="service started" port=9000 time=2024-01-05T13:34:59.016764+05:30
level=error service=gateway time=2024-01-05T13:34:59.0156573+05:30 caller=order.go:252 method=MakeDeleteOrderByIDGatewayHandler time=2024-01-05T13:35:59.2934452+05:30 Error="record not found" time=2024-01-05T13:35:59.2966007+05:30
