level=info service=user time=2023-12-13T13:10:25.7501667+05:30 caller=main.go:32 msg="service started" port=8080 time=2023-12-13T13:10:25.7501667+05:30
level=info service=user time=2023-12-13T13:58:30.4305713+05:30 caller=main.go:32 msg="service started" port=8080 time=2023-12-13T13:58:30.4305713+05:30
level=info service=user time=2023-12-13T13:58:30.4305713+05:30 caller=dbOperations.go:97 repo=gorm time=2023-12-13T13:58:30.5614252+05:30 repo=gorm method=GetAllMembers time=2023-12-13T15:16:36.5749691+05:30 Members="&[{ID:1 FirstName:arun chandramohan Lastname:p Email:arunchandramohan@gmail.com Phone:9785641230 Password:$2a$10$v2joGZTM3q9zb/7/D2kq9.inKZO/iRk13Q82eDDIvX2YmZpdATCj. Addresses:[{ID:1 MemberID:1 AddressLine1:1069 AddressLine2:omr road City:chennai Zip:621001 State:TN Country:India} {ID:2 MemberID:1 AddressLine1:3 AddressLine2:ecr road City:TVL Zip:626008 State:TN Country:India}]} {ID:2 FirstName:arun Lastname:p Email:arun@gmail.com Phone:9785641234 Password:$2a$10$Yns/pNdP3/tlSKLZLwHGsOpNqqRzaAzBhw4GOCTVt8vg4QzfXPkNm Addresses:[{ID:3 MemberID:2 AddressLine1:1 AddressLine2:SA road City:chennai Zip:621001 State:TN Country:India}]}]" time=2023-12-13T15:16:36.5781647+05:30
service=user time=2023-12-13T13:58:30.4305713+05:30 caller=service.go:165 method=GetAllMembersService time=2023-12-13T15:16:36.5749691+05:30 Message="Successfully retrived all the members" time=2023-12-13T15:16:36.5846319+05:30
level=info service=user time=2023-12-13T13:58:30.4305713+05:30 caller=dbOperations.go:114 repo=gorm time=2023-12-13T13:58:30.5614252+05:30 repo=gorm method=GetMemberByID Product="&{ID:2 FirstName:arun Lastname:p Email:arun@gmail.com Phone:9785641234 Password:$2a$10$Yns/pNdP3/tlSKLZLwHGsOpNqqRzaAzBhw4GOCTVt8vg4QzfXPkNm Addresses:[{ID:3 MemberID:2 AddressLine1:1 AddressLine2:SA road City:chennai Zip:621001 State:TN Country:India}]}" time=2023-12-13T15:39:04.3738508+05:30
service=user time=2023-12-13T13:58:30.4305713+05:30 caller=service.go:183 method=GetMemberByIDService time=2023-12-13T15:39:04.371325+05:30 Message="Successfully retrived the member with emailID arun@gmail.com" time=2023-12-13T15:39:04.3746738+05:30
level=info service=user time=2023-12-13T13:58:30.4305713+05:30 caller=dbOperations.go:114 repo=gorm time=2023-12-13T13:58:30.5614252+05:30 repo=gorm method=GetMemberByID Product="&{ID:2 FirstName:arun Lastname:p Email:arun@gmail.com Phone:9785641234 Password:$2a$10$Yns/pNdP3/tlSKLZLwHGsOpNqqRzaAzBhw4GOCTVt8vg4QzfXPkNm Addresses:[{ID:3 MemberID:2 AddressLine1:1 AddressLine2:SA road City:chennai Zip:621001 State:TN Country:India}]}" time=2023-12-13T15:57:20.9217649+05:30
service=user time=2023-12-13T13:58:30.4305713+05:30 caller=service.go:183 method=GetMemberByIDService time=2023-12-13T15:57:20.9208428+05:30 Message="Successfully retrived the member with emailID arun@gmail.com" time=2023-12-13T15:57:20.9222692+05:30
service=user time=2023-12-13T13:58:30.4305713+05:30 caller=dbOperations.go:70 repo=gorm time=2023-12-13T13:58:30.5614252+05:30 repo=gorm method=AdminLoginByMailID time=2023-12-13T16:02:10.775446+05:30 message="Admin with mail id haritha@gmail.comlogged in Successfully"
service=user time=2023-12-13T13:58:30.4305713+05:30 caller=service.go:115 method=AdminLoginService time=2023-12-13T16:02:10.7749422+05:30 Message="Successfully Admin logged in" token=eyJhbGciOiJIUzI1NiIsInR5cCI6IkpXVCJ9.eyJhZG1pbiI6ImFkbWluIiwiZW1haWwiOiJoYXJpdGhhQGdtYWlsLmNvbSIsImV4cCI6MTcwNTA1NTUzMCwiaWQiOjF9.sboJkcOSjqu8NDm1lYSovP_B76tawUC8BYWEnmBBnuc time=2023-12-13T16:02:10.8378803+05:30
service=user time=2023-12-13T13:58:30.4305713+05:30 caller=dbOperations.go:84 repo=gorm time=2023-12-13T13:58:30.5614252+05:30 repo=gorm method=MemberLoginByMailID time=2023-12-13T16:03:23.7816035+05:30 message="Admin with mail id arun@gmail.comlogged in Successfully"
service=user time=2023-12-13T13:58:30.4305713+05:30 caller=service.go:149 method=MemberLoginService time=2023-12-13T16:03:23.7816035+05:30 Message="Successfully Member logged in" token=eyJhbGciOiJIUzI1NiIsInR5cCI6IkpXVCJ9.eyJlbWFpbCI6ImFydW5AZ21haWwuY29tIiwiZXhwIjoxNzAyNDY3MjMzLCJpZCI6MiwibWVtYmVyIjoibWVtYmVyIn0.I6JebMTI65nsVM7mUmJFepj6CzZsWeE7Lq_59eDn7kE time=2023-12-13T16:03:23.8427217+05:30
service=user time=2023-12-13T13:58:30.4305713+05:30 caller=dbOperations.go:84 repo=gorm time=2023-12-13T13:58:30.5614252+05:30 repo=gorm method=MemberLoginByMailID time=2023-12-13T16:06:03.1123415+05:30 message="Admin with mail id arun@gmail.comlogged in Successfully"
service=user time=2023-12-13T13:58:30.4305713+05:30 caller=service.go:149 method=MemberLoginService time=2023-12-13T16:06:03.1123415+05:30 Message="Successfully Member logged in" token=eyJhbGciOiJIUzI1NiIsInR5cCI6IkpXVCJ9.eyJlbWFpbCI6ImFydW5AZ21haWwuY29tIiwiZXhwIjoxNzAyNDY3MzkzLCJpZCI6MiwibWVtYmVyIjoibWVtYmVyIn0.VhBe8b-XlVCguFOuow_iqn4hLyrdrBOct3kWmBOX24k time=2023-12-13T16:06:03.1709281+05:30
service=user time=2023-12-13T13:58:30.4305713+05:30 caller=dbOperations.go:70 repo=gorm time=2023-12-13T13:58:30.5614252+05:30 repo=gorm method=AdminLoginByMailID time=2023-12-13T16:07:44.6373982+05:30 message="Admin with mail id haritha@gmail.comlogged in Successfully"
service=user time=2023-12-13T13:58:30.4305713+05:30 caller=service.go:115 method=AdminLoginService time=2023-12-13T16:07:44.636874+05:30 Message="Successfully Admin logged in" token=eyJhbGciOiJIUzI1NiIsInR5cCI6IkpXVCJ9.eyJhZG1pbiI6ImFkbWluIiwiZW1haWwiOiJoYXJpdGhhQGdtYWlsLmNvbSIsImV4cCI6MTcwNTA1NTg2NCwiaWQiOjF9.N5zEfYD05vrtPjNBzFxG6jZjhguCh_ZYWQeC1VZOED0 time=2023-12-13T16:07:44.6966852+05:30
level=info service=user time=2023-12-13T13:58:30.4305713+05:30 caller=dbOperations.go:97 repo=gorm time=2023-12-13T13:58:30.5614252+05:30 repo=gorm method=GetAllMembers time=2023-12-13T16:09:07.4779243+05:30 Members="&[{ID:1 FirstName:arun chandramohan Lastname:p Email:arunchandramohan@gmail.com Phone:9785641230 Password:$2a$10$v2joGZTM3q9zb/7/D2kq9.inKZO/iRk13Q82eDDIvX2YmZpdATCj. Addresses:[{ID:1 MemberID:1 AddressLine1:1069 AddressLine2:omr road City:chennai Zip:621001 State:TN Country:India} {ID:2 MemberID:1 AddressLine1:3 AddressLine2:ecr road City:TVL Zip:626008 State:TN Country:India}]} {ID:2 FirstName:arun Lastname:p Email:arun@gmail.com Phone:9785641234 Password:$2a$10$Yns/pNdP3/tlSKLZLwHGsOpNqqRzaAzBhw4GOCTVt8vg4QzfXPkNm Addresses:[{ID:3 MemberID:2 AddressLine1:1 AddressLine2:SA road City:chennai Zip:621001 State:TN Country:India}]}]" time=2023-12-13T16:09:07.4795228+05:30
service=user time=2023-12-13T13:58:30.4305713+05:30 caller=service.go:165 method=GetAllMembersService time=2023-12-13T16:09:07.4779243+05:30 Message="Successfully retrived all the members" time=2023-12-13T16:09:07.4823129+05:30
level=info service=user time=2023-12-13T13:58:30.4305713+05:30 caller=dbOperations.go:97 repo=gorm time=2023-12-13T13:58:30.5614252+05:30 repo=gorm method=GetAllMembers time=2023-12-13T16:09:21.7492883+05:30 Members="&[{ID:1 FirstName:arun chandramohan Lastname:p Email:arunchandramohan@gmail.com Phone:9785641230 Password:$2a$10$v2joGZTM3q9zb/7/D2kq9.inKZO/iRk13Q82eDDIvX2YmZpdATCj. Addresses:[{ID:1 MemberID:1 AddressLine1:1069 AddressLine2:omr road City:chennai Zip:621001 State:TN Country:India} {ID:2 MemberID:1 AddressLine1:3 AddressLine2:ecr road City:TVL Zip:626008 State:TN Country:India}]} {ID:2 FirstName:arun Lastname:p Email:arun@gmail.com Phone:9785641234 Password:$2a$10$Yns/pNdP3/tlSKLZLwHGsOpNqqRzaAzBhw4GOCTVt8vg4QzfXPkNm Addresses:[{ID:3 MemberID:2 AddressLine1:1 AddressLine2:SA road City:chennai Zip:621001 State:TN Country:India}]}]" time=2023-12-13T16:09:21.7516843+05:30
service=user time=2023-12-13T13:58:30.4305713+05:30 caller=service.go:165 method=GetAllMembersService time=2023-12-13T16:09:21.7492883+05:30 Message="Successfully retrived all the members" time=2023-12-13T16:09:21.7533869+05:30
level=info service=user time=2023-12-13T16:11:34.396834+05:30 caller=main.go:32 msg="service started" port=8080 time=2023-12-13T16:11:34.396834+05:30
level=error service=user time=2023-12-13T16:11:34.396834+05:30 caller=dbOperations.go:36 repo=gorm time=2023-12-13T16:11:34.5357367+05:30 repo=gorm method=CreateMember time=2023-12-13T16:11:48.6040969+05:30 Error="ERROR: duplicate key value violates unique constraint \"admins_email_key\" (SQLSTATE 23505)" time=2023-12-13T16:11:48.6182882+05:30
level=error service=user time=2023-12-13T16:11:34.396834+05:30 caller=service.go:74 method=AdminSignUpService time=2023-12-13T16:11:48.5467734+05:30 Error="ERROR: duplicate key value violates unique constraint \"admins_email_key\" (SQLSTATE 23505)"
level=info service=user time=2023-12-13T18:49:59.5026692+05:30 caller=main.go:32 msg="service started" port=8080 time=2023-12-13T18:49:59.5026692+05:30
service=user time=2023-12-13T18:49:59.5026692+05:30 caller=dbOperations.go:70 repo=gorm time=2023-12-13T18:49:59.7549817+05:30 repo=gorm method=AdminLoginByMailID time=2023-12-13T18:50:02.8433618+05:30 message="Admin with mail id haritha@gmail.comlogged in Successfully"
service=user time=2023-12-13T18:49:59.5026692+05:30 caller=service.go:115 method=AdminLoginService time=2023-12-13T18:50:02.8433618+05:30 Message="Successfully Admin logged in" token=eyJhbGciOiJIUzI1NiIsInR5cCI6IkpXVCJ9.eyJhZG1pbiI6ImFkbWluIiwiZW1haWwiOiJoYXJpdGhhQGdtYWlsLmNvbSIsImV4cCI6MTcwNTA2NTYwMiwiaWQiOjF9.p1fba1lNpsVkTSUSXBrmXSDPfd4Ve2RxiXih1PZZ0T0 time=2023-12-13T18:50:02.9025547+05:30
level=info service=user time=2023-12-13T18:53:10.1527228+05:30 caller=main.go:32 msg="service started" port=8080 time=2023-12-13T18:53:10.1527228+05:30
level=info service=user time=2023-12-14T12:05:00.7121546+05:30 caller=main.go:32 msg="service started" port=8080 time=2023-12-14T12:05:00.7121546+05:30
level=error service=user time=2023-12-14T12:05:00.7121546+05:30 caller=dbOperations.go:80 repo=gorm time=2023-12-14T12:05:00.8129152+05:30 repo=gorm method=MemberLoginByMailID time=2023-12-14T12:05:45.5772821+05:30 Error="ERROR: relation \"members\" does not exist (SQLSTATE 42P01)" time=2023-12-14T12:05:45.5784112+05:30
level=error service=user time=2023-12-14T12:05:00.7121546+05:30 caller=service.go:131 method=MemberLoginService time=2023-12-14T12:05:45.5772821+05:30 Error="ERROR: relation \"members\" does not exist (SQLSTATE 42P01)"
level=info service=user time=2023-12-14T12:25:28.3130359+05:30 caller=main.go:32 msg="service started" port=8080 time=2023-12-14T12:25:28.3130359+05:30
level=error service=user time=2023-12-14T12:25:28.3130359+05:30 caller=dbOperations.go:36 repo=gorm time=2023-12-14T12:25:28.4073838+05:30 repo=gorm method=CreateMember time=2023-12-14T12:27:08.8581937+05:30 Error="ERROR: relation \"admins\" does not exist (SQLSTATE 42P01)" time=2023-12-14T12:27:08.8596505+05:30
level=error service=user time=2023-12-14T12:25:28.3130359+05:30 caller=service.go:74 method=AdminSignUpService time=2023-12-14T12:27:08.8024566+05:30 Error="ERROR: relation \"admins\" does not exist (SQLSTATE 42P01)"
level=info service=user time=2023-12-14T12:33:18.8251736+05:30 caller=main.go:32 msg="service started" port=8080 time=2023-12-14T12:33:18.8251736+05:30
level=error service=user time=2023-12-14T12:33:18.8251736+05:30 caller=dbOperations.go:36 repo=gorm time=2023-12-14T12:33:18.9219726+05:30 repo=gorm method=CreateMember time=2023-12-14T12:34:00.1310775+05:30 Error="ERROR: relation \"admins\" does not exist (SQLSTATE 42P01)" time=2023-12-14T12:34:00.1330489+05:30
level=error service=user time=2023-12-14T12:33:18.8251736+05:30 caller=service.go:74 method=AdminSignUpService time=2023-12-14T12:34:00.0744805+05:30 Error="ERROR: relation \"admins\" does not exist (SQLSTATE 42P01)"
level=info service=user time=2023-12-14T12:35:04.3920887+05:30 caller=main.go:32 msg="service started" port=8080 time=2023-12-14T12:35:04.3920887+05:30
level=error service=user time=2023-12-14T12:35:04.3920887+05:30 caller=dbOperations.go:36 repo=gorm time=2023-12-14T12:35:04.4692784+05:30 repo=gorm method=CreateMember time=2023-12-14T12:35:15.5551411+05:30 Error="ERROR: relation \"admins\" does not exist (SQLSTATE 42P01)" time=2023-12-14T12:35:15.556114+05:30
level=error service=user time=2023-12-14T12:35:04.3920887+05:30 caller=service.go:74 method=AdminSignUpService time=2023-12-14T12:35:15.4980933+05:30 Error="ERROR: relation \"admins\" does not exist (SQLSTATE 42P01)"
level=info service=user time=2023-12-14T12:35:53.4896737+05:30 caller=main.go:32 msg="service started" port=8080 time=2023-12-14T12:35:53.4896737+05:30
level=error service=user time=2023-12-14T12:35:53.4896737+05:30 caller=dbOperations.go:36 repo=gorm time=2023-12-14T12:35:53.6046251+05:30 repo=gorm method=CreateMember time=2023-12-14T12:36:14.096043+05:30 Error="ERROR: relation \"admins\" does not exist (SQLSTATE 42P01)" time=2023-12-14T12:36:14.1044124+05:30
level=error service=user time=2023-12-14T12:35:53.4896737+05:30 caller=service.go:74 method=AdminSignUpService time=2023-12-14T12:36:14.0461901+05:30 Error="ERROR: relation \"admins\" does not exist (SQLSTATE 42P01)"
level=error service=user time=2023-12-14T12:35:53.4896737+05:30 caller=dbOperations.go:36 repo=gorm time=2023-12-14T12:35:53.6046251+05:30 repo=gorm method=CreateMember time=2023-12-14T12:36:54.1553087+05:30 Error="ERROR: relation \"admins\" does not exist (SQLSTATE 42P01)" time=2023-12-14T12:36:54.1553087+05:30
level=error service=user time=2023-12-14T12:35:53.4896737+05:30 caller=service.go:74 method=AdminSignUpService time=2023-12-14T12:36:54.101306+05:30 Error="ERROR: relation \"admins\" does not exist (SQLSTATE 42P01)"
level=info service=user time=2023-12-14T12:37:17.849587+05:30 caller=main.go:32 msg="service started" port=8080 time=2023-12-14T12:37:17.849587+05:30
service=user time=2023-12-14T12:37:17.849587+05:30 caller=dbOperations.go:40 repo=gorm time=2023-12-14T12:37:18.1066893+05:30 repo=gorm method=CreateMember time=2023-12-14T12:37:22.9283556+05:30 message="Created the Admin"
level=info service=user time=2023-12-14T12:37:17.849587+05:30 caller=dbOperations.go:41 repo=gorm time=2023-12-14T12:37:18.1066893+05:30 repo=gorm method=CreateMember time=2023-12-14T12:37:22.9283556+05:30 Admin="&{ID:1 Name:Gnanitha Email:gnanitha@gmail.com Password:$2a$10$eJfqdwn.LiBtO.LDyQvAlObFiFLd7Q/UDhBzKe5Qt2IaT1ttAoJoy}" time=2023-12-14T12:37:22.9383656+05:30
service=user time=2023-12-14T12:37:17.849587+05:30 caller=service.go:77 method=AdminSignUpService time=2023-12-14T12:37:22.8787484+05:30 Message="Successfully Admin signed up" time=2023-12-14T12:37:22.9383656+05:30
service=user time=2023-12-14T12:37:17.849587+05:30 caller=dbOperations.go:54 repo=gorm time=2023-12-14T12:37:18.1066893+05:30 repo=gorm method=CreateMember time=2023-12-14T12:37:46.2364527+05:30 message="Created the Member"
level=info service=user time=2023-12-14T12:37:17.849587+05:30 caller=dbOperations.go:55 repo=gorm time=2023-12-14T12:37:18.1066893+05:30 repo=gorm method=CreateMember time=2023-12-14T12:37:46.2364527+05:30 Member="&{ID:1 FirstName:arun Lastname:p Email:arun@gmail.com Phone:9785641234 Password:$2a$10$WFSn8FrJHFPvrpJ8p/DgJOmmAaekty3hEblWBnjP017iyAIjMmbHK Addresses:[{ID:1 MemberID:1 AddressLine1:1 AddressLine2:SA road City:chennai Zip:621001 State:TN Country:India}]}" time=2023-12-14T12:37:46.2445869+05:30
service=user time=2023-12-14T12:37:17.849587+05:30 caller=service.go:56 method=AddProductService time=2023-12-14T12:37:46.1802762+05:30 Message="Successfully Member signed up" time=2023-12-14T12:37:46.2451334+05:30
service=user time=2023-12-14T12:37:17.849587+05:30 caller=dbOperations.go:84 repo=gorm time=2023-12-14T12:37:18.1066893+05:30 repo=gorm method=MemberLoginByMailID time=2023-12-14T12:37:54.0801196+05:30 message="Admin with mail id arun@gmail.comlogged in Successfully"
service=user time=2023-12-14T12:37:17.849587+05:30 caller=service.go:149 method=MemberLoginService time=2023-12-14T12:37:54.0801196+05:30 Message="Successfully Member logged in" token=eyJhbGciOiJIUzI1NiIsInR5cCI6IkpXVCJ9.eyJlbWFpbCI6ImFydW5AZ21haWwuY29tIiwiZXhwIjoxNzAyNTQxMzA0LCJpZCI6MSwibWVtYmVyIjoibWVtYmVyIn0.AbLT2efQWt28z0i4Y1kPL2T3g-zYo9sKnT3K0gBMBhA time=2023-12-14T12:37:54.1415966+05:30
level=info service=user time=2023-12-14T13:16:49.108371+05:30 caller=main.go:32 msg="service started" port=8080 time=2023-12-14T13:16:49.108371+05:30
service=user time=2023-12-14T13:16:49.108371+05:30 caller=dbOperations.go:84 repo=gorm time=2023-12-14T13:16:49.2438501+05:30 repo=gorm method=MemberLoginByMailID time=2023-12-14T13:16:53.3773567+05:30 message="member with mail id arun@gmail.comlogged in Successfully"
service=user time=2023-12-14T13:16:49.108371+05:30 caller=service.go:149 method=MemberLoginService time=2023-12-14T13:16:53.3773567+05:30 Message="Successfully Member logged in" token=eyJhbGciOiJIUzI1NiIsInR5cCI6IkpXVCJ9.eyJlbWFpbCI6ImFydW5AZ21haWwuY29tIiwiZXhwIjoxNzAyNTQzNjQzLCJpZCI6MSwibWVtYmVyIjoibWVtYmVyIn0.qxX3mntb5Tu1ie4Jg15VpTk3_mt5JRXwxSe_N19xPak time=2023-12-14T13:16:53.4382285+05:30
service=user time=2023-12-14T13:16:49.108371+05:30 caller=dbOperations.go:84 repo=gorm time=2023-12-14T13:16:49.2438501+05:30 repo=gorm method=MemberLoginByMailID time=2023-12-14T13:36:21.7108592+05:30 message="member with mail id arun@gmail.comlogged in Successfully"
service=user time=2023-12-14T13:16:49.108371+05:30 caller=service.go:149 method=MemberLoginService time=2023-12-14T13:36:21.7108592+05:30 Message="Successfully Member logged in" token=eyJhbGciOiJIUzI1NiIsInR5cCI6IkpXVCJ9.eyJlbWFpbCI6ImFydW5AZ21haWwuY29tIiwiZXhwIjoxNzAyNTQ0ODExLCJpZCI6MSwibWVtYmVyIjoibWVtYmVyIn0.s0bxuHVDLCOZf4anpcMZcHLAEVJ44jdBVfOIugoK0Bc time=2023-12-14T13:36:21.7681482+05:30
level=info service=user time=2023-12-14T13:52:38.7682627+05:30 caller=main.go:32 msg="service started" port=8080 time=2023-12-14T13:52:38.7682627+05:30
level=info service=user time=2023-12-14T13:54:51.359803+05:30 caller=main.go:32 msg="service started" port=8080 time=2023-12-14T13:54:51.359803+05:30
level=info service=user time=2023-12-14T13:56:07.9050263+05:30 caller=main.go:32 msg="service started" port=8080 time=2023-12-14T13:56:07.9050263+05:30
level=info service=user time=2023-12-14T13:56:58.6307532+05:30 caller=main.go:32 msg="service started" port=8080 time=2023-12-14T13:56:58.6307532+05:30
level=info service=user time=2023-12-14T13:57:17.8923708+05:30 caller=main.go:32 msg="service started" port=8080 time=2023-12-14T13:57:17.8923708+05:30
level=info service=user time=2023-12-14T13:58:52.6737352+05:30 caller=main.go:32 msg="service started" port=8080 time=2023-12-14T13:58:52.6737352+05:30
level=info service=user time=2023-12-14T15:05:17.7565708+05:30 caller=main.go:32 msg="service started" port=8080 time=2023-12-14T15:05:17.7565708+05:30
service=user time=2023-12-14T15:05:17.7565708+05:30 caller=dbOperations.go:84 repo=gorm time=2023-12-14T15:05:17.8913271+05:30 repo=gorm method=MemberLoginByMailID time=2023-12-14T15:05:21.3522797+05:30 message="member with mail id arun@gmail.comlogged in Successfully"
service=user time=2023-12-14T15:05:17.7565708+05:30 caller=service.go:149 method=MemberLoginService time=2023-12-14T15:05:21.3522797+05:30 Message="Successfully Member logged in" token=eyJhbGciOiJIUzI1NiIsInR5cCI6IkpXVCJ9.eyJlbWFpbCI6ImFydW5AZ21haWwuY29tIiwiZXhwIjoxNzAyNTUwMTUxLCJpZCI6MSwibWVtYmVyIjoibWVtYmVyIn0.TUbkCqqcBJxnK_pMB1brf_wTJ63hpZOvEoa-3ZL1tmA time=2023-12-14T15:05:21.411282+05:30
service=user time=2023-12-14T15:05:17.7565708+05:30 caller=dbOperations.go:84 repo=gorm time=2023-12-14T15:05:17.8913271+05:30 repo=gorm method=MemberLoginByMailID time=2023-12-14T16:09:23.4930061+05:30 message="member with mail id arun@gmail.comlogged in Successfully"
service=user time=2023-12-14T15:05:17.7565708+05:30 caller=service.go:149 method=MemberLoginService time=2023-12-14T16:09:23.4930061+05:30 Message="Successfully Member logged in" token=eyJhbGciOiJIUzI1NiIsInR5cCI6IkpXVCJ9.eyJlbWFpbCI6ImFydW5AZ21haWwuY29tIiwiZXhwIjoxNzAyNTUzOTkzLCJpZCI6MSwibWVtYmVyIjoibWVtYmVyIn0.D1oyuNOKcaFC3d4wZEB9myBI44Lf0rjCjlsSsmgS8Rw time=2023-12-14T16:09:23.5580053+05:30
level=info service=user time=2023-12-14T17:17:57.0319046+05:30 caller=main.go:32 msg="service started" port=8080 time=2023-12-14T17:17:57.0319046+05:30
service=user time=2023-12-14T17:17:57.0319046+05:30 caller=dbOperations.go:84 repo=gorm time=2023-12-14T17:17:57.169839+05:30 repo=gorm method=MemberLoginByMailID time=2023-12-14T17:18:27.4677413+05:30 message="member with mail id arun@gmail.comlogged in Successfully"
service=user time=2023-12-14T17:17:57.0319046+05:30 caller=service.go:149 method=MemberLoginService time=2023-12-14T17:18:27.4677413+05:30 Message="Successfully Member logged in" token=eyJhbGciOiJIUzI1NiIsInR5cCI6IkpXVCJ9.eyJlbWFpbCI6ImFydW5AZ21haWwuY29tIiwiZXhwIjoxNzAyNTU4MTM3LCJpZCI6MSwibWVtYmVyIjoibWVtYmVyIn0.mSDp_NUHbxPpiXUxhPl2jR849-aKQbQT4DnQOrgYU9o time=2023-12-14T17:18:27.5277076+05:30
level=info service=user time=2023-12-14T17:19:24.3173264+05:30 caller=main.go:32 msg="service started" port=8080 time=2023-12-14T17:19:24.3173264+05:30
service=user time=2023-12-14T17:19:24.3173264+05:30 caller=dbOperations.go:84 repo=gorm time=2023-12-14T17:19:24.4569678+05:30 repo=gorm method=MemberLoginByMailID time=2023-12-14T17:53:26.4419637+05:30 message="member with mail id arun@gmail.comlogged in Successfully"
service=user time=2023-12-14T17:19:24.3173264+05:30 caller=service.go:149 method=MemberLoginService time=2023-12-14T17:53:26.4419637+05:30 Message="Successfully Member logged in" token=eyJhbGciOiJIUzI1NiIsInR5cCI6IkpXVCJ9.eyJlbWFpbCI6ImFydW5AZ21haWwuY29tIiwiZXhwIjoxNzAyNTYwMjM2LCJpZCI6MSwibWVtYmVyIjoibWVtYmVyIn0.3TfXUcdvBbT5EjR10hkdoXothvmqD8TGgIaQzlQYfs4 time=2023-12-14T17:53:26.500937+05:30
level=info service=user time=2023-12-14T19:09:20.0670644+05:30 caller=main.go:32 msg="service started" port=8080 time=2023-12-14T19:09:20.0670644+05:30
service=user time=2023-12-14T19:09:20.0670644+05:30 caller=dbOperations.go:70 repo=gorm time=2023-12-14T19:09:20.2039615+05:30 repo=gorm method=AdminLoginByMailID time=2023-12-14T19:46:21.4696727+05:30 message="admin with mail id haritha@gmail.com logged in Successfully"
level=error service=user time=2023-12-14T19:09:20.0670644+05:30 caller=service.go:104 method=AdminLoginService time=2023-12-14T19:46:21.4696727+05:30 Error="crypto/bcrypt: hashedSecret too short to be a bcrypted password"
service=user time=2023-12-14T19:09:20.0670644+05:30 caller=dbOperations.go:70 repo=gorm time=2023-12-14T19:09:20.2039615+05:30 repo=gorm method=AdminLoginByMailID time=2023-12-14T19:46:51.6247386+05:30 message="admin with mail id gnanitha@gmail.com logged in Successfully"
service=user time=2023-12-14T19:09:20.0670644+05:30 caller=service.go:115 method=AdminLoginService time=2023-12-14T19:46:51.6244951+05:30 Message="Successfully Admin logged in" token=eyJhbGciOiJIUzI1NiIsInR5cCI6IkpXVCJ9.eyJhZG1pbiI6ImFkbWluIiwiZW1haWwiOiJnbmFuaXRoYUBnbWFpbC5jb20iLCJleHAiOjE3MDUxNTU0MTEsImlkIjoxfQ.k5avy_7STTk713zH9y-MLYuZ4xLP5wGWQ_xvHOH6CWI time=2023-12-14T19:46:51.6838507+05:30
level=info service=user time=2023-12-15T10:21:50.3792332+05:30 caller=main.go:32 msg="service started" port=8080 time=2023-12-15T10:21:50.3792332+05:30
level=error service=user time=2023-12-15T10:21:50.3792332+05:30 caller=dbOperations.go:36 repo=gorm time=2023-12-15T10:21:50.5314444+05:30 repo=gorm method=CreateMember time=2023-12-15T13:38:43.0857826+05:30 Error="ERROR: duplicate key value violates unique constraint \"admins_email_key\" (SQLSTATE 23505)" time=2023-12-15T13:38:43.0984144+05:30
level=error service=user time=2023-12-15T10:21:50.3792332+05:30 caller=service.go:74 method=AdminSignUpService time=2023-12-15T13:38:43.0285103+05:30 Error="ERROR: duplicate key value violates unique constraint \"admins_email_key\" (SQLSTATE 23505)"
level=error service=user time=2023-12-15T10:21:50.3792332+05:30 caller=dbOperations.go:50 repo=gorm time=2023-12-15T10:21:50.5314444+05:30 repo=gorm method=CreateMember time=2023-12-15T13:39:28.3786354+05:30 Error="ERROR: duplicate key value violates unique constraint \"members_email_key\" (SQLSTATE 23505)" time=2023-12-15T13:39:28.3862447+05:30
level=error service=user time=2023-12-15T10:21:50.3792332+05:30 caller=service.go:52 method=AddProductService time=2023-12-15T13:39:28.3217387+05:30 Error="ERROR: duplicate key value violates unique constraint \"members_email_key\" (SQLSTATE 23505)"
service=user time=2023-12-15T10:21:50.3792332+05:30 caller=dbOperations.go:70 repo=gorm time=2023-12-15T10:21:50.5314444+05:30 repo=gorm method=AdminLoginByMailID time=2023-12-15T13:39:45.6592292+05:30 message="admin with mail id gnanitha@gmail.com logged in Successfully"
service=user time=2023-12-15T10:21:50.3792332+05:30 caller=service.go:115 method=AdminLoginService time=2023-12-15T13:39:45.6586222+05:30 Message="Successfully Admin logged in" token=eyJhbGciOiJIUzI1NiIsInR5cCI6IkpXVCJ9.eyJhZG1pbiI6ImFkbWluIiwiZW1haWwiOiJnbmFuaXRoYUBnbWFpbC5jb20iLCJleHAiOjE3MDUyMTk3ODUsImlkIjoxfQ.C8XEGbFfFjQWLNrWQlcV3QxdADUFLVAFr0ddOmpZ5xk time=2023-12-15T13:39:45.7228235+05:30
service=user time=2023-12-15T10:21:50.3792332+05:30 caller=dbOperations.go:84 repo=gorm time=2023-12-15T10:21:50.5314444+05:30 repo=gorm method=MemberLoginByMailID time=2023-12-15T13:39:58.3752104+05:30 message="member with mail id arun@gmail.comlogged in Successfully"
service=user time=2023-12-15T10:21:50.3792332+05:30 caller=service.go:149 method=MemberLoginService time=2023-12-15T13:39:58.3752104+05:30 Message="Successfully Member logged in" token=eyJhbGciOiJIUzI1NiIsInR5cCI6IkpXVCJ9.eyJlbWFpbCI6ImFydW5AZ21haWwuY29tIiwiZXhwIjoxNzAyNjMxNDI4LCJpZCI6MSwibWVtYmVyIjoibWVtYmVyIn0.RPpYbamT9L08MQZF7zBx-_vuyRPoolPu0vmTjdvhPNU time=2023-12-15T13:39:58.4349542+05:30
level=info service=user time=2023-12-15T10:21:50.3792332+05:30 caller=dbOperations.go:97 repo=gorm time=2023-12-15T10:21:50.5314444+05:30 repo=gorm method=GetAllMembers time=2023-12-15T13:40:11.7742735+05:30 Members="&[{ID:1 FirstName:arun Lastname:p Email:arun@gmail.com Phone:9785641234 Password:$2a$10$WFSn8FrJHFPvrpJ8p/DgJOmmAaekty3hEblWBnjP017iyAIjMmbHK Addresses:[{ID:1 MemberID:1 AddressLine1:1 AddressLine2:SA road City:chennai Zip:621001 State:TN Country:India}]}]" time=2023-12-15T13:40:11.7764607+05:30
service=user time=2023-12-15T10:21:50.3792332+05:30 caller=service.go:165 method=GetAllMembersService time=2023-12-15T13:40:11.7742735+05:30 Message="Successfully retrived all the members" time=2023-12-15T13:40:11.7769644+05:30
level=info service=user time=2023-12-15T10:21:50.3792332+05:30 caller=dbOperations.go:114 repo=gorm time=2023-12-15T10:21:50.5314444+05:30 repo=gorm method=GetMemberByID Product="&{ID:1 FirstName:arun Lastname:p Email:arun@gmail.com Phone:9785641234 Password:$2a$10$WFSn8FrJHFPvrpJ8p/DgJOmmAaekty3hEblWBnjP017iyAIjMmbHK Addresses:[{ID:1 MemberID:1 AddressLine1:1 AddressLine2:SA road City:chennai Zip:621001 State:TN Country:India}]}" time=2023-12-15T13:40:47.4946453+05:30
service=user time=2023-12-15T10:21:50.3792332+05:30 caller=service.go:183 method=GetMemberByIDService time=2023-12-15T13:40:47.4896162+05:30 Message="Successfully retrived the member with emailID arun@gmail.com" time=2023-12-15T13:40:47.4959639+05:30
level=info service=user time=2023-12-15T16:47:26.254356+05:30 caller=main.go:32 msg="service started" port=8080 time=2023-12-15T16:47:26.254356+05:30
service=user time=2023-12-15T16:47:26.254356+05:30 caller=dbOperations.go:70 repo=gorm time=2023-12-15T16:47:26.3977582+05:30 repo=gorm method=AdminLoginByMailID time=2023-12-15T16:47:30.5057857+05:30 message="admin with mail id gnanitha@gmail.com logged in Successfully"
service=user time=2023-12-15T16:47:26.254356+05:30 caller=service.go:115 method=AdminLoginService time=2023-12-15T16:47:30.5057857+05:30 Message="Successfully Admin logged in" token=eyJhbGciOiJIUzI1NiIsInR5cCI6IkpXVCJ9.eyJhZG1pbiI6ImFkbWluIiwiZW1haWwiOiJnbmFuaXRoYUBnbWFpbC5jb20iLCJleHAiOjE3MDUyMzEwNTAsImlkIjoxfQ.myg0Nopl_6sOoXLUqpYyS3QUGlpHNmDmj5h0Awpun5s time=2023-12-15T16:47:30.5630244+05:30
level=info service=user time=2023-12-15T17:37:44.4982619+05:30 caller=main.go:32 msg="service started" port=8080 time=2023-12-15T17:37:44.4982619+05:30
service=user time=2023-12-15T17:37:44.4982619+05:30 caller=dbOperations.go:84 repo=gorm time=2023-12-15T17:37:44.6337732+05:30 repo=gorm method=MemberLoginByMailID time=2023-12-15T17:38:40.7507188+05:30 message="member with mail id arun@gmail.comlogged in Successfully"
service=user time=2023-12-15T17:37:44.4982619+05:30 caller=service.go:149 method=MemberLoginService time=2023-12-15T17:38:40.7507188+05:30 Message="Successfully Member logged in" token=eyJhbGciOiJIUzI1NiIsInR5cCI6IkpXVCJ9.eyJlbWFpbCI6ImFydW5AZ21haWwuY29tIiwiZXhwIjoxNzAyNjQ1NzUwLCJpZCI6MSwibWVtYmVyIjoibWVtYmVyIn0.bcRZpNMRjxuTZIp77OQbo-FNoqrp--VQxx28uCe3LG8 time=2023-12-15T17:38:40.8070403+05:30
level=info service=user time=2023-12-15T17:58:36.7288267+05:30 caller=main.go:32 msg="service started" port=8080 time=2023-12-15T17:58:36.7288267+05:30
service=user time=2023-12-15T17:58:36.7288267+05:30 caller=dbOperations.go:40 repo=gorm time=2023-12-15T17:58:36.8650989+05:30 repo=gorm method=CreateMember time=2023-12-15T17:58:40.797277+05:30 message="Created the Admin"
level=info service=user time=2023-12-15T17:58:36.7288267+05:30 caller=dbOperations.go:41 repo=gorm time=2023-12-15T17:58:36.8650989+05:30 repo=gorm method=CreateMember time=2023-12-15T17:58:40.797277+05:30 Admin="&{ID:3 Name: Email: Password:$2a$10$Miwsegaji5T6ld/E/TVfieb6zGkSOdAW.CBZs2sktCbkKcS9iNOGi}" time=2023-12-15T17:58:40.8034797+05:30
service=user time=2023-12-15T17:58:36.7288267+05:30 caller=service.go:77 method=AdminSignUpService time=2023-12-15T17:58:40.7392278+05:30 Message="Successfully Admin signed up" time=2023-12-15T17:58:40.8034797+05:30
level=error service=user time=2023-12-15T17:58:36.7288267+05:30 caller=dbOperations.go:36 repo=gorm time=2023-12-15T17:58:36.8650989+05:30 repo=gorm method=CreateMember time=2023-12-15T17:59:11.0837199+05:30 Error="ERROR: duplicate key value violates unique constraint \"admins_email_key\" (SQLSTATE 23505)" time=2023-12-15T17:59:11.0846932+05:30
level=error service=user time=2023-12-15T17:58:36.7288267+05:30 caller=service.go:74 method=AdminSignUpService time=2023-12-15T17:59:11.0246117+05:30 Error="ERROR: duplicate key value violates unique constraint \"admins_email_key\" (SQLSTATE 23505)"
level=error service=user time=2023-12-15T17:58:36.7288267+05:30 caller=dbOperations.go:36 repo=gorm time=2023-12-15T17:58:36.8650989+05:30 repo=gorm method=CreateMember time=2023-12-15T17:59:35.9340518+05:30 Error="ERROR: duplicate key value violates unique constraint \"admins_email_key\" (SQLSTATE 23505)" time=2023-12-15T17:59:35.9357767+05:30
level=error service=user time=2023-12-15T17:58:36.7288267+05:30 caller=service.go:74 method=AdminSignUpService time=2023-12-15T17:59:35.8741603+05:30 Error="ERROR: duplicate key value violates unique constraint \"admins_email_key\" (SQLSTATE 23505)"
level=error service=user time=2023-12-15T17:58:36.7288267+05:30 caller=dbOperations.go:36 repo=gorm time=2023-12-15T17:58:36.8650989+05:30 repo=gorm method=CreateMember time=2023-12-15T17:59:52.1802691+05:30 Error="ERROR: duplicate key value violates unique constraint \"admins_email_key\" (SQLSTATE 23505)" time=2023-12-15T17:59:52.1812692+05:30
level=error service=user time=2023-12-15T17:58:36.7288267+05:30 caller=service.go:74 method=AdminSignUpService time=2023-12-15T17:59:52.1237041+05:30 Error="ERROR: duplicate key value violates unique constraint \"admins_email_key\" (SQLSTATE 23505)"
level=error service=user time=2023-12-15T17:58:36.7288267+05:30 caller=dbOperations.go:36 repo=gorm time=2023-12-15T17:58:36.8650989+05:30 repo=gorm method=CreateMember time=2023-12-15T18:00:06.1158628+05:30 Error="ERROR: duplicate key value violates unique constraint \"admins_email_key\" (SQLSTATE 23505)" time=2023-12-15T18:00:06.1180802+05:30
level=error service=user time=2023-12-15T17:58:36.7288267+05:30 caller=service.go:74 method=AdminSignUpService time=2023-12-15T18:00:06.0581394+05:30 Error="ERROR: duplicate key value violates unique constraint \"admins_email_key\" (SQLSTATE 23505)"
level=info service=user time=2023-12-15T18:01:38.6459632+05:30 caller=main.go:32 msg="service started" port=8080 time=2023-12-15T18:01:38.6465049+05:30
service=user time=2023-12-15T18:01:38.6459632+05:30 caller=dbOperations.go:40 repo=gorm time=2023-12-15T18:01:38.8139981+05:30 repo=gorm method=CreateMember time=2023-12-15T18:01:43.1745555+05:30 message="Created the Admin"
level=info service=user time=2023-12-15T18:01:38.6459632+05:30 caller=dbOperations.go:41 repo=gorm time=2023-12-15T18:01:38.8139981+05:30 repo=gorm method=CreateMember time=2023-12-15T18:01:43.1745555+05:30 Admin="&{ID:8 Name:Gnanitha Email:gnanitha21@gmail.com Password:$2a$10$PmardEt0b6v1TwL2OApUx.vaX65Ho7cpMlq14azVkZXqpFjRs5YKS}" time=2023-12-15T18:01:43.1809273+05:30
service=user time=2023-12-15T18:01:38.6459632+05:30 caller=service.go:77 method=AdminSignUpService time=2023-12-15T18:01:43.118277+05:30 Message="Successfully Admin signed up" time=2023-12-15T18:01:43.1809273+05:30
level=error service=user time=2023-12-15T18:01:38.6459632+05:30 caller=dbOperations.go:36 repo=gorm time=2023-12-15T18:01:38.8139981+05:30 repo=gorm method=CreateMember time=2023-12-15T18:02:17.8421732+05:30 Error="ERROR: relation \"admins\" does not exist (SQLSTATE 42P01)" time=2023-12-15T18:02:17.8451747+05:30
level=error service=user time=2023-12-15T18:01:38.6459632+05:30 caller=service.go:74 method=AdminSignUpService time=2023-12-15T18:02:17.7850276+05:30 Error="ERROR: relation \"admins\" does not exist (SQLSTATE 42P01)"
level=info service=user time=2023-12-15T18:02:59.0201069+05:30 caller=main.go:32 msg="service started" port=8080 time=2023-12-15T18:02:59.0201069+05:30
service=user time=2023-12-15T18:02:59.0201069+05:30 caller=dbOperations.go:40 repo=gorm time=2023-12-15T18:02:59.1516429+05:30 repo=gorm method=CreateMember time=2023-12-15T18:03:03.1495959+05:30 message="Created the Admin"
level=info service=user time=2023-12-15T18:02:59.0201069+05:30 caller=dbOperations.go:41 repo=gorm time=2023-12-15T18:02:59.1516429+05:30 repo=gorm method=CreateMember time=2023-12-15T18:03:03.1495959+05:30 Admin="&{ID:1 Name:Gnanitha Email:gnanitha@gmail.com Password:$2a$10$49AMT9FBihSxJhBpEWL7OOC88wfaV55g79tzkWLq2x.nEw8yOTnfa}" time=2023-12-15T18:03:03.1531008+05:30
service=user time=2023-12-15T18:02:59.0201069+05:30 caller=service.go:77 method=AdminSignUpService time=2023-12-15T18:03:03.0827929+05:30 Message="Successfully Admin signed up" time=2023-12-15T18:03:03.1531008+05:30
level=info service=user time=2023-12-15T18:39:41.1262689+05:30 caller=main.go:32 msg="service started" port=8080 time=2023-12-15T18:39:41.1262689+05:30
service=user time=2023-12-15T18:39:41.1262689+05:30 caller=dbOperations.go:84 repo=gorm time=2023-12-15T18:39:41.2581539+05:30 repo=gorm method=MemberLoginByMailID time=2023-12-15T18:40:24.7902122+05:30 message="member with mail id arun@gmail.comlogged in Successfully"
service=user time=2023-12-15T18:39:41.1262689+05:30 caller=service.go:149 method=MemberLoginService time=2023-12-15T18:40:24.7902122+05:30 Message="Successfully Member logged in" token=eyJhbGciOiJIUzI1NiIsInR5cCI6IkpXVCJ9.eyJlbWFpbCI6ImFydW5AZ21haWwuY29tIiwiZXhwIjoxNzAyNjQ5NDU0LCJpZCI6MSwibWVtYmVyIjoibWVtYmVyIn0.OvDHoivdPutl8SZkyNNyoH1mcAHX5ysVOVz3xB6KEbE time=2023-12-15T18:40:24.8482884+05:30
service=user time=2023-12-15T18:39:41.1262689+05:30 caller=dbOperations.go:84 repo=gorm time=2023-12-15T18:39:41.2581539+05:30 repo=gorm method=MemberLoginByMailID time=2023-12-15T18:42:04.8328204+05:30 message="member with mail id arun@gmail.comlogged in Successfully"
service=user time=2023-12-15T18:39:41.1262689+05:30 caller=service.go:149 method=MemberLoginService time=2023-12-15T18:42:04.8328204+05:30 Message="Successfully Member logged in" token=eyJhbGciOiJIUzI1NiIsInR5cCI6IkpXVCJ9.eyJlbWFpbCI6ImFydW5AZ21haWwuY29tIiwiZXhwIjoxNzAyNjQ5NTU0LCJpZCI6MSwibWVtYmVyIjoibWVtYmVyIn0.sJASHWQBDvT3qtWpw4NcFlYLbFQDPSmlVIHhoYuwjuw time=2023-12-15T18:42:04.8902282+05:30
service=user time=2023-12-15T18:39:41.1262689+05:30 caller=dbOperations.go:84 repo=gorm time=2023-12-15T18:39:41.2581539+05:30 repo=gorm method=MemberLoginByMailID time=2023-12-15T18:50:29.0465023+05:30 message="member with mail id arun@gmail.comlogged in Successfully"
service=user time=2023-12-15T18:39:41.1262689+05:30 caller=service.go:149 method=MemberLoginService time=2023-12-15T18:50:29.0465023+05:30 Message="Successfully Member logged in" token=eyJhbGciOiJIUzI1NiIsInR5cCI6IkpXVCJ9.eyJlbWFpbCI6ImFydW5AZ21haWwuY29tIiwiZXhwIjoxNzAyNjUwMDU5LCJpZCI6MSwibWVtYmVyIjoibWVtYmVyIn0.huwYC3peqLnNoCyk4mkshpwC2kUHiyVazx_qvVX7Y4A time=2023-12-15T18:50:29.10604+05:30
service=user time=2023-12-15T18:39:41.1262689+05:30 caller=dbOperations.go:84 repo=gorm time=2023-12-15T18:39:41.2581539+05:30 repo=gorm method=MemberLoginByMailID time=2023-12-15T18:51:14.7543512+05:30 message="member with mail id arun@gmail.comlogged in Successfully"
service=user time=2023-12-15T18:39:41.1262689+05:30 caller=service.go:149 method=MemberLoginService time=2023-12-15T18:51:14.7543512+05:30 Message="Successfully Member logged in" token=eyJhbGciOiJIUzI1NiIsInR5cCI6IkpXVCJ9.eyJlbWFpbCI6ImFydW5AZ21haWwuY29tIiwiZXhwIjoxNzAyNjUwMTA0LCJpZCI6MSwibWVtYmVyIjoibWVtYmVyIn0.KHymjUxYY_MADu3WgRoI3PE_MAbgcfFSQnir6JjDoBY time=2023-12-15T18:51:14.8104633+05:30
service=user time=2023-12-15T18:39:41.1262689+05:30 caller=dbOperations.go:84 repo=gorm time=2023-12-15T18:39:41.2581539+05:30 repo=gorm method=MemberLoginByMailID time=2023-12-15T18:51:27.7756467+05:30 message="member with mail id arun@gmail.comlogged in Successfully"
service=user time=2023-12-15T18:39:41.1262689+05:30 caller=service.go:149 method=MemberLoginService time=2023-12-15T18:51:27.7756467+05:30 Message="Successfully Member logged in" token=eyJhbGciOiJIUzI1NiIsInR5cCI6IkpXVCJ9.eyJlbWFpbCI6ImFydW5AZ21haWwuY29tIiwiZXhwIjoxNzAyNjUwMTE3LCJpZCI6MSwibWVtYmVyIjoibWVtYmVyIn0.jTIq2ylASo5uES71XGqpyh_subot8bVXm19k7Kwxrng time=2023-12-15T18:51:27.8351556+05:30
service=user time=2023-12-15T18:39:41.1262689+05:30 caller=dbOperations.go:84 repo=gorm time=2023-12-15T18:39:41.2581539+05:30 repo=gorm method=MemberLoginByMailID time=2023-12-15T18:51:28.7525493+05:30 message="member with mail id arun@gmail.comlogged in Successfully"
service=user time=2023-12-15T18:39:41.1262689+05:30 caller=service.go:149 method=MemberLoginService time=2023-12-15T18:51:28.7525493+05:30 Message="Successfully Member logged in" token=eyJhbGciOiJIUzI1NiIsInR5cCI6IkpXVCJ9.eyJlbWFpbCI6ImFydW5AZ21haWwuY29tIiwiZXhwIjoxNzAyNjUwMTE4LCJpZCI6MSwibWVtYmVyIjoibWVtYmVyIn0.XJO2wLnmiV5RYJps37ZKcn6-XtrhyJvMBCtBRrYKyPQ time=2023-12-15T18:51:28.8098739+05:30
service=user time=2023-12-15T18:39:41.1262689+05:30 caller=dbOperations.go:84 repo=gorm time=2023-12-15T18:39:41.2581539+05:30 repo=gorm method=MemberLoginByMailID time=2023-12-15T18:51:47.2858483+05:30 message="member with mail id arun@gmail.comlogged in Successfully"
service=user time=2023-12-15T18:39:41.1262689+05:30 caller=service.go:149 method=MemberLoginService time=2023-12-15T18:51:47.2858483+05:30 Message="Successfully Member logged in" token=eyJhbGciOiJIUzI1NiIsInR5cCI6IkpXVCJ9.eyJlbWFpbCI6ImFydW5AZ21haWwuY29tIiwiZXhwIjoxNzAyNjUwMTM3LCJpZCI6MSwibWVtYmVyIjoibWVtYmVyIn0.ae8ybzJPf7pySoStkeWLhptsQzMwTIMu6B1-0oErtaM time=2023-12-15T18:51:47.3391115+05:30
service=user time=2023-12-15T18:39:41.1262689+05:30 caller=dbOperations.go:84 repo=gorm time=2023-12-15T18:39:41.2581539+05:30 repo=gorm method=MemberLoginByMailID time=2023-12-15T18:53:17.9900299+05:30 message="member with mail id arun@gmail.comlogged in Successfully"
service=user time=2023-12-15T18:39:41.1262689+05:30 caller=service.go:149 method=MemberLoginService time=2023-12-15T18:53:17.9900299+05:30 Message="Successfully Member logged in" token=eyJhbGciOiJIUzI1NiIsInR5cCI6IkpXVCJ9.eyJlbWFpbCI6ImFydW5AZ21haWwuY29tIiwiZXhwIjoxNzAyNjUwMjI4LCJpZCI6MSwibWVtYmVyIjoibWVtYmVyIn0.OEdLIhwL6KiA1euV3gyqIo1KaCt-BzjT6XTNzu0ph_g time=2023-12-15T18:53:18.0529927+05:30
service=user time=2023-12-15T18:39:41.1262689+05:30 caller=dbOperations.go:84 repo=gorm time=2023-12-15T18:39:41.2581539+05:30 repo=gorm method=MemberLoginByMailID time=2023-12-15T18:55:17.7453622+05:30 message="member with mail id arun@gmail.comlogged in Successfully"
service=user time=2023-12-15T18:39:41.1262689+05:30 caller=service.go:149 method=MemberLoginService time=2023-12-15T18:55:17.7453622+05:30 Message="Successfully Member logged in" token=eyJhbGciOiJIUzI1NiIsInR5cCI6IkpXVCJ9.eyJlbWFpbCI6ImFydW5AZ21haWwuY29tIiwiZXhwIjoxNzAyNjUwMzQ3LCJpZCI6MSwibWVtYmVyIjoibWVtYmVyIn0.9D0tAFO7yyXnEdki6P7CTaLIhQz1oqrvHZnbcnlBwNk time=2023-12-15T18:55:17.8074477+05:30
level=error service=user time=2023-12-15T18:39:41.1262689+05:30 caller=service.go:38 method=AddProductService time=2023-12-15T19:17:25.147096+05:30 Error="mail or password can't be empty"
level=error service=user time=2023-12-15T18:39:41.1262689+05:30 caller=service.go:38 method=AddProductService time=2023-12-15T19:17:35.921093+05:30 Error="mail or password can't be empty"
service=user time=2023-12-15T18:39:41.1262689+05:30 caller=dbOperations.go:54 repo=gorm time=2023-12-15T18:39:41.2581539+05:30 repo=gorm method=CreateMember time=2023-12-15T19:17:48.3056214+05:30 message="Created the Member"
level=info service=user time=2023-12-15T18:39:41.1262689+05:30 caller=dbOperations.go:55 repo=gorm time=2023-12-15T18:39:41.2581539+05:30 repo=gorm method=CreateMember time=2023-12-15T19:17:48.3056214+05:30 Member="&{ID:3 FirstName:arun Lastname:p Email:arunchandramohan.3@gmail.com Phone:9360177309 Password:$2a$10$m.w70czWlI1fkPvwjopyN.SGx65PiINJEEP.QJH8U8NMx2eSAuEoO Addresses:[{ID:2 MemberID:3 AddressLine1:1 AddressLine2:SA road City:chennai Zip:621001 State:TN Country:India}]}" time=2023-12-15T19:17:48.3189472+05:30
service=user time=2023-12-15T18:39:41.1262689+05:30 caller=service.go:56 method=AddProductService time=2023-12-15T19:17:48.249566+05:30 Message="Successfully Member signed up" time=2023-12-15T19:17:48.3199778+05:30
service=user time=2023-12-15T18:39:41.1262689+05:30 caller=dbOperations.go:84 repo=gorm time=2023-12-15T18:39:41.2581539+05:30 repo=gorm method=MemberLoginByMailID time=2023-12-15T19:18:46.1203036+05:30 message="member with mail id arunchandramohan.3@gmail.comlogged in Successfully"
service=user time=2023-12-15T18:39:41.1262689+05:30 caller=service.go:149 method=MemberLoginService time=2023-12-15T19:18:46.1203036+05:30 Message="Successfully Member logged in" token=eyJhbGciOiJIUzI1NiIsInR5cCI6IkpXVCJ9.eyJlbWFpbCI6ImFydW5jaGFuZHJhbW9oYW4uM0BnbWFpbC5jb20iLCJleHAiOjE3MDI2NTE3NTYsImlkIjozLCJtZW1iZXIiOiJtZW1iZXIifQ.c6ovNm7QMNQvM5U0_GIvpDU2OAkEIhRLF4Qf2KY_1Ns time=2023-12-15T19:18:46.1795675+05:30
service=user time=2023-12-15T18:39:41.1262689+05:30 caller=dbOperations.go:54 repo=gorm time=2023-12-15T18:39:41.2581539+05:30 repo=gorm method=CreateMember time=2023-12-15T19:19:58.3725141+05:30 message="Created the Member"
level=info service=user time=2023-12-15T18:39:41.1262689+05:30 caller=dbOperations.go:55 repo=gorm time=2023-12-15T18:39:41.2581539+05:30 repo=gorm method=CreateMember time=2023-12-15T19:19:58.3725141+05:30 Member="&{ID:4 FirstName:arun Lastname:p Email:gnaniharitha@gmail.com Phone:9789708153 Password:$2a$10$Fhx4nzOu.XBklD25ZSPmAu8UM5WhbXR1gbOmew/V2SbS/bYg.QeOm Addresses:[{ID:3 MemberID:4 AddressLine1:1 AddressLine2:SA road City:chennai Zip:621001 State:TN Country:India}]}" time=2023-12-15T19:19:58.3747138+05:30
service=user time=2023-12-15T18:39:41.1262689+05:30 caller=service.go:56 method=AddProductService time=2023-12-15T19:19:58.3160591+05:30 Message="Successfully Member signed up" time=2023-12-15T19:19:58.3757113+05:30
service=user time=2023-12-15T18:39:41.1262689+05:30 caller=dbOperations.go:84 repo=gorm time=2023-12-15T18:39:41.2581539+05:30 repo=gorm method=MemberLoginByMailID time=2023-12-15T19:20:42.1313468+05:30 message="member with mail id gnanitha@gmail.comlogged in Successfully"
level=error service=user time=2023-12-15T18:39:41.1262689+05:30 caller=service.go:138 method=MemberLoginService time=2023-12-15T19:20:42.1313468+05:30 Error="crypto/bcrypt: hashedSecret too short to be a bcrypted password"
level=error service=user time=2023-12-15T18:39:41.1262689+05:30 caller=dbOperations.go:50 repo=gorm time=2023-12-15T18:39:41.2581539+05:30 repo=gorm method=CreateMember time=2023-12-15T19:21:02.3078571+05:30 Error="ERROR: duplicate key value violates unique constraint \"members_email_key\" (SQLSTATE 23505)" time=2023-12-15T19:21:02.3102922+05:30
level=error service=user time=2023-12-15T18:39:41.1262689+05:30 caller=service.go:52 method=AddProductService time=2023-12-15T19:21:02.244541+05:30 Error="ERROR: duplicate key value violates unique constraint \"members_email_key\" (SQLSTATE 23505)"
service=user time=2023-12-15T18:39:41.1262689+05:30 caller=dbOperations.go:84 repo=gorm time=2023-12-15T18:39:41.2581539+05:30 repo=gorm method=MemberLoginByMailID time=2023-12-15T19:21:13.5362811+05:30 message="member with mail id gnaniharitha@gmail.comlogged in Successfully"
service=user time=2023-12-15T18:39:41.1262689+05:30 caller=service.go:149 method=MemberLoginService time=2023-12-15T19:21:13.5362811+05:30 Message="Successfully Member logged in" token=eyJhbGciOiJIUzI1NiIsInR5cCI6IkpXVCJ9.eyJlbWFpbCI6ImduYW5paGFyaXRoYUBnbWFpbC5jb20iLCJleHAiOjE3MDI2NTE5MDMsImlkIjo0LCJtZW1iZXIiOiJtZW1iZXIifQ.XEVs7lZe9vLbsWa8bfr3ZkOE7jKNWm1WUm6rI3YBOzk time=2023-12-15T19:21:13.5950334+05:30
level=info service=user time=2023-12-18T10:44:30.649906+05:30 caller=main.go:32 msg="service started" port=8080 time=2023-12-18T10:44:30.649906+05:30
service=user time=2023-12-18T10:44:30.649906+05:30 caller=dbOperations.go:84 repo=gorm time=2023-12-18T10:44:30.7882299+05:30 repo=gorm method=MemberLoginByMailID time=2023-12-18T10:45:25.2899584+05:30 message="member with mail id gnaniharitha@gmail.comlogged in Successfully"
service=user time=2023-12-18T10:44:30.649906+05:30 caller=service.go:149 method=MemberLoginService time=2023-12-18T10:45:25.2899584+05:30 Message="Successfully Member logged in" token=eyJhbGciOiJIUzI1NiIsInR5cCI6IkpXVCJ9.eyJlbWFpbCI6ImduYW5paGFyaXRoYUBnbWFpbC5jb20iLCJleHAiOjE3MDI4ODAxNTUsImlkIjo0LCJtZW1iZXIiOiJtZW1iZXIifQ.nLEXIRMVNcNXJiei8QUX4oMER_kEUn6toypEDzU85xA time=2023-12-18T10:45:25.3497853+05:30
service=user time=2023-12-18T10:44:30.649906+05:30 caller=dbOperations.go:84 repo=gorm time=2023-12-18T10:44:30.7882299+05:30 repo=gorm method=MemberLoginByMailID time=2023-12-18T12:30:21.1967588+05:30 message="member with mail id gnaniharitha@gmail.comlogged in Successfully"
service=user time=2023-12-18T10:44:30.649906+05:30 caller=service.go:149 method=MemberLoginService time=2023-12-18T12:30:21.1967588+05:30 Message="Successfully Member logged in" token=eyJhbGciOiJIUzI1NiIsInR5cCI6IkpXVCJ9.eyJlbWFpbCI6ImduYW5paGFyaXRoYUBnbWFpbC5jb20iLCJleHAiOjE3MDI4ODY0NTEsImlkIjo0LCJtZW1iZXIiOiJtZW1iZXIifQ.hB1zBj-A0EssO3RsAmHBwIgWS04ENvPwjKis5MhVNEs time=2023-12-18T12:30:21.2531514+05:30
service=user time=2023-12-18T10:44:30.649906+05:30 caller=dbOperations.go:84 repo=gorm time=2023-12-18T10:44:30.7882299+05:30 repo=gorm method=MemberLoginByMailID time=2023-12-18T13:15:23.5547864+05:30 message="member with mail id gnaniharitha@gmail.comlogged in Successfully"
service=user time=2023-12-18T10:44:30.649906+05:30 caller=service.go:149 method=MemberLoginService time=2023-12-18T13:15:23.5547864+05:30 Message="Successfully Member logged in" token=eyJhbGciOiJIUzI1NiIsInR5cCI6IkpXVCJ9.eyJlbWFpbCI6ImduYW5paGFyaXRoYUBnbWFpbC5jb20iLCJleHAiOjE3MDI4ODkxNTMsImlkIjo0LCJtZW1iZXIiOiJtZW1iZXIifQ.N-Y-zOcrcbpNlRKTl_I1RhxElVh-uF07tjuu3qdig3Y time=2023-12-18T13:15:23.6127513+05:30
level=info service=user time=2023-12-18T15:18:55.166661+05:30 caller=main.go:32 msg="service started" port=8080 time=2023-12-18T15:18:55.166661+05:30
service=user time=2023-12-18T15:18:55.166661+05:30 caller=dbOperations.go:84 repo=gorm time=2023-12-18T15:18:55.3049605+05:30 repo=gorm method=MemberLoginByMailID time=2023-12-18T15:18:58.73303+05:30 message="member with mail id gnaniharitha@gmail.comlogged in Successfully"
service=user time=2023-12-18T15:18:55.166661+05:30 caller=service.go:144 method=MemberLoginService time=2023-12-18T15:18:58.73303+05:30 Message="Successfully Member logged in" token=eyJhbGciOiJIUzI1NiIsInR5cCI6IkpXVCJ9.eyJlbWFpbCI6ImduYW5paGFyaXRoYUBnbWFpbC5jb20iLCJleHAiOjE3MDI4OTY1NjgsImlkIjo0LCJtZW1iZXIiOiJtZW1iZXIifQ.qxbYwPZI1TJn__muK9_zzrPZNoCwsXSRhM_dRcPjD8I time=2023-12-18T15:18:58.7915704+05:30
service=user time=2023-12-18T15:18:55.166661+05:30 caller=dbOperations.go:84 repo=gorm time=2023-12-18T15:18:55.3049605+05:30 repo=gorm method=MemberLoginByMailID time=2023-12-18T15:38:06.5397953+05:30 message="member with mail id gnaniharitha@gmail.comlogged in Successfully"
service=user time=2023-12-18T15:18:55.166661+05:30 caller=service.go:144 method=MemberLoginService time=2023-12-18T15:38:06.5397953+05:30 Message="Successfully Member logged in" token=eyJhbGciOiJIUzI1NiIsInR5cCI6IkpXVCJ9.eyJlbWFpbCI6ImduYW5paGFyaXRoYUBnbWFpbC5jb20iLCJleHAiOjE3MDI4OTc3MTYsImlkIjo0LCJtZW1iZXIiOiJtZW1iZXIifQ.Srw2DGHCNEMITGGUgExzayT0qyJr56gi2JCUJ6hV9CM time=2023-12-18T15:38:06.5984741+05:30
level=info service=user time=2023-12-18T16:15:54.1782267+05:30 caller=main.go:32 msg="service started" port=8080 time=2023-12-18T16:15:54.1782267+05:30
service=user time=2023-12-18T16:15:54.1782267+05:30 caller=dbOperations.go:84 repo=gorm time=2023-12-18T16:15:54.3137082+05:30 repo=gorm method=MemberLoginByMailID time=2023-12-18T16:30:41.1383799+05:30 message="member with mail id gnaniharitha@gmail.comlogged in Successfully"
service=user time=2023-12-18T16:15:54.1782267+05:30 caller=service.go:144 method=MemberLoginService time=2023-12-18T16:30:41.1383799+05:30 Message="Successfully Member logged in" token=eyJhbGciOiJIUzI1NiIsInR5cCI6IkpXVCJ9.eyJlbWFpbCI6ImduYW5paGFyaXRoYUBnbWFpbC5jb20iLCJleHAiOjE3MDI5MDA4NzEsImlkIjo0LCJtZW1iZXIiOiJtZW1iZXIifQ.ZKFSscwQuY4IFnbt94ABQ0ezgm3-ZZCIrSSa1HdYMwI time=2023-12-18T16:30:41.195673+05:30
service=user time=2023-12-18T16:15:54.1782267+05:30 caller=dbOperations.go:84 repo=gorm time=2023-12-18T16:15:54.3137082+05:30 repo=gorm method=MemberLoginByMailID time=2023-12-18T16:41:33.1970346+05:30 message="member with mail id gnaniharitha@gmail.comlogged in Successfully"
service=user time=2023-12-18T16:15:54.1782267+05:30 caller=service.go:144 method=MemberLoginService time=2023-12-18T16:41:33.1970346+05:30 Message="Successfully Member logged in" token=eyJhbGciOiJIUzI1NiIsInR5cCI6IkpXVCJ9.eyJlbWFpbCI6ImduYW5paGFyaXRoYUBnbWFpbC5jb20iLCJleHAiOjE3MDI5MDE1MjMsImlkIjo0LCJtZW1iZXIiOiJtZW1iZXIifQ.4oNYS5D_nIUohWD0BYV-OkoqCyuoHKwKrb58y_5QHFM time=2023-12-18T16:41:33.2542911+05:30
level=info service=user time=2023-12-18T17:02:08.0885415+05:30 caller=main.go:32 msg="service started" port=8080 time=2023-12-18T17:02:08.0885415+05:30
service=user time=2023-12-18T17:02:08.0885415+05:30 caller=dbOperations.go:84 repo=gorm time=2023-12-18T17:02:08.2262758+05:30 repo=gorm method=MemberLoginByMailID time=2023-12-18T17:02:22.060282+05:30 message="member with mail id gnaniharitha@gmail.comlogged in Successfully"
service=user time=2023-12-18T17:02:08.0885415+05:30 caller=service.go:144 method=MemberLoginService time=2023-12-18T17:02:22.060282+05:30 Message="Successfully Member logged in" token=eyJhbGciOiJIUzI1NiIsInR5cCI6IkpXVCJ9.eyJlbWFpbCI6ImduYW5paGFyaXRoYUBnbWFpbC5jb20iLCJleHAiOjE3MDI5MDI3NzIsImlkIjo0LCJtZW1iZXIiOiJtZW1iZXIifQ.vGYyLCKpZXXA6rWFWtZLNwx9yL-HXNGqj_aRLTfCvUY time=2023-12-18T17:02:22.1181824+05:30
level=info service=user time=2023-12-18T17:15:12.7204705+05:30 caller=main.go:32 msg="service started" port=8080 time=2023-12-18T17:15:12.7204705+05:30
service=user time=2023-12-18T17:15:12.7204705+05:30 caller=dbOperations.go:84 repo=gorm time=2023-12-18T17:15:12.8571302+05:30 repo=gorm method=MemberLoginByMailID time=2023-12-18T17:15:20.0424594+05:30 message="member with mail id gnaniharitha@gmail.comlogged in Successfully"
service=user time=2023-12-18T17:15:12.7204705+05:30 caller=service.go:144 method=MemberLoginService time=2023-12-18T17:15:20.0424594+05:30 Message="Successfully Member logged in" token=eyJhbGciOiJIUzI1NiIsInR5cCI6IkpXVCJ9.eyJlbWFpbCI6ImduYW5paGFyaXRoYUBnbWFpbC5jb20iLCJleHAiOjE3MDI5MDM1NTAsImlkIjo0LCJtZW1iZXIiOiJtZW1iZXIifQ.xmA1UOnHtQwO3BEnKH8xnjJVhc9f-eevz5jd2XXPoe4 time=2023-12-18T17:15:20.0962895+05:30
service=user time=2023-12-18T17:15:12.7204705+05:30 caller=dbOperations.go:84 repo=gorm time=2023-12-18T17:15:12.8571302+05:30 repo=gorm method=MemberLoginByMailID time=2023-12-18T17:15:37.8916231+05:30 message="member with mail id gnaniharitha@gmail.comlogged in Successfully"
service=user time=2023-12-18T17:15:12.7204705+05:30 caller=service.go:144 method=MemberLoginService time=2023-12-18T17:15:37.8916231+05:30 Message="Successfully Member logged in" token=eyJhbGciOiJIUzI1NiIsInR5cCI6IkpXVCJ9.eyJlbWFpbCI6ImduYW5paGFyaXRoYUBnbWFpbC5jb20iLCJleHAiOjE3MDI5MDM1NjcsImlkIjo0LCJtZW1iZXIiOiJtZW1iZXIifQ.Y7aPyAlyhTda76XLiz0Hi6_3FmZrbG2uVI9susdBodY time=2023-12-18T17:15:37.9516619+05:30
service=user time=2023-12-18T17:15:12.7204705+05:30 caller=dbOperations.go:84 repo=gorm time=2023-12-18T17:15:12.8571302+05:30 repo=gorm method=MemberLoginByMailID time=2023-12-18T17:40:01.4382116+05:30 message="member with mail id gnaniharitha@gmail.comlogged in Successfully"
service=user time=2023-12-18T17:15:12.7204705+05:30 caller=service.go:144 method=MemberLoginService time=2023-12-18T17:40:01.4382116+05:30 Message="Successfully Member logged in" token=eyJhbGciOiJIUzI1NiIsInR5cCI6IkpXVCJ9.eyJlbWFpbCI6ImduYW5paGFyaXRoYUBnbWFpbC5jb20iLCJleHAiOjE3MDI5MDUwMzEsImlkIjo0LCJtZW1iZXIiOiJtZW1iZXIifQ.3HYWMwNz-Bn15wMEby9GvIcLvbmHsyeTf5d3ZfaS04c time=2023-12-18T17:40:01.494386+05:30
service=user time=2023-12-18T17:15:12.7204705+05:30 caller=dbOperations.go:84 repo=gorm time=2023-12-18T17:15:12.8571302+05:30 repo=gorm method=MemberLoginByMailID time=2023-12-18T17:56:17.8431834+05:30 message="member with mail id gnaniharitha@gmail.comlogged in Successfully"
service=user time=2023-12-18T17:15:12.7204705+05:30 caller=service.go:144 method=MemberLoginService time=2023-12-18T17:56:17.8431834+05:30 Message="Successfully Member logged in" token=eyJhbGciOiJIUzI1NiIsInR5cCI6IkpXVCJ9.eyJlbWFpbCI6ImduYW5paGFyaXRoYUBnbWFpbC5jb20iLCJleHAiOjE3MDI5MDYwMDcsImlkIjo0LCJtZW1iZXIiOiJtZW1iZXIifQ.ABt2lxLeH7JfL1eM-wDOZEQqimFSKHz7AKqvE132fVo time=2023-12-18T17:56:17.9013563+05:30
service=user time=2023-12-18T17:15:12.7204705+05:30 caller=dbOperations.go:84 repo=gorm time=2023-12-18T17:15:12.8571302+05:30 repo=gorm method=MemberLoginByMailID time=2023-12-18T18:58:21.1559159+05:30 message="member with mail id gnaniharitha@gmail.comlogged in Successfully"
service=user time=2023-12-18T17:15:12.7204705+05:30 caller=service.go:144 method=MemberLoginService time=2023-12-18T18:58:21.1559159+05:30 Message="Successfully Member logged in" token=eyJhbGciOiJIUzI1NiIsInR5cCI6IkpXVCJ9.eyJlbWFpbCI6ImduYW5paGFyaXRoYUBnbWFpbC5jb20iLCJleHAiOjE3MDI5MDk3MzEsImlkIjo0LCJtZW1iZXIiOiJtZW1iZXIifQ.zBc3N8GWQhOmyx5baF_DrVVkPWzv_NR8s90P85-RoTU time=2023-12-18T18:58:21.2136785+05:30
service=user time=2023-12-18T17:15:12.7204705+05:30 caller=dbOperations.go:84 repo=gorm time=2023-12-18T17:15:12.8571302+05:30 repo=gorm method=MemberLoginByMailID time=2023-12-18T19:08:00.6115382+05:30 message="member with mail id gnaniharitha@gmail.comlogged in Successfully"
service=user time=2023-12-18T17:15:12.7204705+05:30 caller=service.go:144 method=MemberLoginService time=2023-12-18T19:08:00.6115382+05:30 Message="Successfully Member logged in" token=eyJhbGciOiJIUzI1NiIsInR5cCI6IkpXVCJ9.eyJlbWFpbCI6ImduYW5paGFyaXRoYUBnbWFpbC5jb20iLCJleHAiOjE3MDI5MTAzMTAsImlkIjo0LCJtZW1iZXIiOiJtZW1iZXIifQ.jMej7PcLmu2n_-LVh5LUafjCChdn_iuRpVwZM4w4mWE time=2023-12-18T19:08:00.6630165+05:30
service=user time=2023-12-18T17:15:12.7204705+05:30 caller=dbOperations.go:84 repo=gorm time=2023-12-18T17:15:12.8571302+05:30 repo=gorm method=MemberLoginByMailID time=2023-12-18T19:13:21.5711634+05:30 message="member with mail id gnaniharitha@gmail.comlogged in Successfully"
service=user time=2023-12-18T17:15:12.7204705+05:30 caller=service.go:144 method=MemberLoginService time=2023-12-18T19:13:21.5711634+05:30 Message="Successfully Member logged in" token=eyJhbGciOiJIUzI1NiIsInR5cCI6IkpXVCJ9.eyJlbWFpbCI6ImduYW5paGFyaXRoYUBnbWFpbC5jb20iLCJleHAiOjE3MDI5MTA2MzEsImlkIjo0LCJtZW1iZXIiOiJtZW1iZXIifQ.7ftGAXaSAifcTu4dAYoswDegc82-nB7NGkV8pn1T1Wo time=2023-12-18T19:13:21.6282828+05:30
service=user time=2023-12-18T17:15:12.7204705+05:30 caller=dbOperations.go:84 repo=gorm time=2023-12-18T17:15:12.8571302+05:30 repo=gorm method=MemberLoginByMailID time=2023-12-18T19:13:54.6966904+05:30 message="member with mail id gnaniharitha@gmail.comlogged in Successfully"
service=user time=2023-12-18T17:15:12.7204705+05:30 caller=service.go:144 method=MemberLoginService time=2023-12-18T19:13:54.6966904+05:30 Message="Successfully Member logged in" token=eyJhbGciOiJIUzI1NiIsInR5cCI6IkpXVCJ9.eyJlbWFpbCI6ImduYW5paGFyaXRoYUBnbWFpbC5jb20iLCJleHAiOjE3MDI5MTA2NjQsImlkIjo0LCJtZW1iZXIiOiJtZW1iZXIifQ.E14IUVopPwZme5tSHHEeWpLWiARi_1rGt7zzYD6Wjqk time=2023-12-18T19:13:54.7495643+05:30
service=user time=2023-12-18T17:15:12.7204705+05:30 caller=dbOperations.go:84 repo=gorm time=2023-12-18T17:15:12.8571302+05:30 repo=gorm method=MemberLoginByMailID time=2023-12-18T19:59:01.9335863+05:30 message="member with mail id gnaniharitha@gmail.comlogged in Successfully"
service=user time=2023-12-18T17:15:12.7204705+05:30 caller=service.go:144 method=MemberLoginService time=2023-12-18T19:59:01.9335863+05:30 Message="Successfully Member logged in" token=eyJhbGciOiJIUzI1NiIsInR5cCI6IkpXVCJ9.eyJlbWFpbCI6ImduYW5paGFyaXRoYUBnbWFpbC5jb20iLCJleHAiOjE3MDI5MTMzNzEsImlkIjo0LCJtZW1iZXIiOiJtZW1iZXIifQ._ujo3DTPoz7ivxqumzHHQpJgxpYqh8dWpeLUzsKd5zQ time=2023-12-18T19:59:01.9952786+05:30
level=info service=user time=2023-12-19T10:34:47.1936246+05:30 caller=main.go:32 msg="service started" port=8080 time=2023-12-19T10:34:47.1936246+05:30
service=user time=2023-12-19T10:34:47.1936246+05:30 caller=dbOperations.go:40 repo=gorm time=2023-12-19T10:34:47.2772659+05:30 repo=gorm method=CreateMember time=2023-12-19T10:35:20.8821253+05:30 message="Created the Admin"
level=info service=user time=2023-12-19T10:34:47.1936246+05:30 caller=dbOperations.go:41 repo=gorm time=2023-12-19T10:34:47.2772659+05:30 repo=gorm method=CreateMember time=2023-12-19T10:35:20.8821253+05:30 Admin="&{ID:1 Name:Gnanitha Email:gnanitha@gmail.com Password:$2a$10$dME93nvB5SXBFzzBstOo8OaPocPQewVSqye.VhgD9j/FbMdxhDNs2}" time=2023-12-19T10:35:20.8911118+05:30
service=user time=2023-12-19T10:34:47.1936246+05:30 caller=service.go:76 method=AdminSignUpService time=2023-12-19T10:35:20.826786+05:30 Message="Successfully Admin signed up" time=2023-12-19T10:35:20.8926907+05:30
level=info service=user time=2023-12-19T10:39:20.897956+05:30 caller=main.go:32 msg="service started" port=8080 time=2023-12-19T10:39:20.897956+05:30
service=user time=2023-12-19T10:39:20.897956+05:30 caller=dbOperations.go:40 repo=gorm time=2023-12-19T10:39:21.035585+05:30 repo=gorm method=CreateMember time=2023-12-19T10:39:24.2751186+05:30 message="Created the Admin"
level=info service=user time=2023-12-19T10:39:20.897956+05:30 caller=dbOperations.go:41 repo=gorm time=2023-12-19T10:39:21.035585+05:30 repo=gorm method=CreateMember time=2023-12-19T10:39:24.2751186+05:30 Admin="&{ID:2 Name:Haritha Email:haritha@gmail.com Password:$2a$10$JU9Ol43uuXwrTetbrLdOT.kYWMGXu5.SoK8m11Wp0NNeMTstccoI.}" time=2023-12-19T10:39:24.2852745+05:30
service=user time=2023-12-19T10:39:20.897956+05:30 caller=service.go:76 method=AdminSignUpService time=2023-12-19T10:39:24.2200922+05:30 Message="Successfully Admin signed up" time=2023-12-19T10:39:24.2852745+05:30
level=info service=user time=2023-12-19T10:41:36.3903755+05:30 caller=main.go:32 msg="service started" port=8080 time=2023-12-19T10:41:36.3903755+05:30
level=error service=user time=2023-12-19T10:41:36.3903755+05:30 caller=service.go:37 method=AddProductService time=2023-12-19T10:42:54.8467355+05:30 Error="mail or password can't be empty"
service=user time=2023-12-19T10:41:36.3903755+05:30 caller=dbOperations.go:54 repo=gorm time=2023-12-19T10:41:36.5258071+05:30 repo=gorm method=CreateMember time=2023-12-19T10:43:16.9174788+05:30 message="Created the Member"
level=info service=user time=2023-12-19T10:41:36.3903755+05:30 caller=dbOperations.go:55 repo=gorm time=2023-12-19T10:41:36.5258071+05:30 repo=gorm method=CreateMember time=2023-12-19T10:43:16.9174788+05:30 Member="&{ID:1 FirstName:arun Lastname:p Email:arunchandramohan.3@gmail.com Phone:9785641234 Password:$2a$10$wwielvjjkbpiqSeRD6EuvuBP9hyAorFODM0HpVx1wanvMqhdVPf3W Addresses:[{ID:1 MemberID:1 AddressLine1:1 AddressLine2:SA road City:chennai Zip:621001 State:TN Country:India}]}" time=2023-12-19T10:43:16.9271489+05:30
service=user time=2023-12-19T10:41:36.3903755+05:30 caller=service.go:55 method=AddProductService time=2023-12-19T10:43:16.8600588+05:30 Message="Successfully Member signed up" time=2023-12-19T10:43:16.9277121+05:30
level=error service=user time=2023-12-19T10:41:36.3903755+05:30 caller=dbOperations.go:105 repo=gorm time=2023-12-19T10:41:36.5258071+05:30 repo=gorm method=GetMemberByID Error="record not found" time=2023-12-19T10:44:41.2753724+05:30
level=error service=user time=2023-12-19T10:41:36.3903755+05:30 caller=service.go:174 method=GetMemberByIDService time=2023-12-19T10:44:41.2744125+05:30 Error="record not found"
level=info service=user time=2023-12-19T10:41:36.3903755+05:30 caller=dbOperations.go:114 repo=gorm time=2023-12-19T10:41:36.5258071+05:30 repo=gorm method=GetMemberByID Product="&{ID:1 FirstName:arun Lastname:p Email:arunchandramohan.3@gmail.com Phone:9785641234 Password:$2a$10$wwielvjjkbpiqSeRD6EuvuBP9hyAorFODM0HpVx1wanvMqhdVPf3W Addresses:[{ID:1 MemberID:1 AddressLine1:1 AddressLine2:SA road City:chennai Zip:621001 State:TN Country:India}]}" time=2023-12-19T10:44:53.1492561+05:30
service=user time=2023-12-19T10:41:36.3903755+05:30 caller=service.go:178 method=GetMemberByIDService time=2023-12-19T10:44:53.1478309+05:30 Message="Successfully retrived the member with emailID arunchandramohan.3@gmail.com" time=2023-12-19T10:44:53.1494349+05:30
level=info service=user time=2023-12-19T10:41:36.3903755+05:30 caller=dbOperations.go:97 repo=gorm time=2023-12-19T10:41:36.5258071+05:30 repo=gorm method=GetAllMembers time=2023-12-19T10:45:13.6101745+05:30 Members="&[{ID:1 FirstName:arun Lastname:p Email:arunchandramohan.3@gmail.com Phone:9785641234 Password:$2a$10$wwielvjjkbpiqSeRD6EuvuBP9hyAorFODM0HpVx1wanvMqhdVPf3W Addresses:[{ID:1 MemberID:1 AddressLine1:1 AddressLine2:SA road City:chennai Zip:621001 State:TN Country:India}]}]" time=2023-12-19T10:45:13.6155897+05:30
service=user time=2023-12-19T10:41:36.3903755+05:30 caller=service.go:160 method=GetAllMembersService time=2023-12-19T10:45:13.6101745+05:30 Message="Successfully retrived all the members" time=2023-12-19T10:45:13.6166901+05:30
service=user time=2023-12-19T10:41:36.3903755+05:30 caller=dbOperations.go:70 repo=gorm time=2023-12-19T10:41:36.5258071+05:30 repo=gorm method=AdminLoginByMailID time=2023-12-19T10:45:31.9239675+05:30 message="admin with mail id gnanitha@gmail.com logged in Successfully"
level=error service=user time=2023-12-19T10:41:36.3903755+05:30 caller=service.go:99 method=AdminLoginService time=2023-12-19T10:45:31.9239675+05:30 Error="crypto/bcrypt: hashedPassword is not the hash of the given password"
service=user time=2023-12-19T10:41:36.3903755+05:30 caller=dbOperations.go:70 repo=gorm time=2023-12-19T10:41:36.5258071+05:30 repo=gorm method=AdminLoginByMailID time=2023-12-19T10:45:42.6678569+05:30 message="admin with mail id gnanitha@gmail.com logged in Successfully"
service=user time=2023-12-19T10:41:36.3903755+05:30 caller=service.go:110 method=AdminLoginService time=2023-12-19T10:45:42.6678569+05:30 Message="Successfully Admin logged in" token=eyJhbGciOiJIUzI1NiIsInR5cCI6IkpXVCJ9.eyJhZG1pbiI6ImFkbWluIiwiZW1haWwiOiJnbmFuaXRoYUBnbWFpbC5jb20iLCJleHAiOjE3MDU1NTQ5NDIsImlkIjoxfQ.pAdCYLKnIDP--gTTVJTNS3NdcHl4aO5LFCirRBvAQ04 time=2023-12-19T10:45:42.72661+05:30
level=info service=user time=2023-12-19T10:41:36.3903755+05:30 caller=dbOperations.go:97 repo=gorm time=2023-12-19T10:41:36.5258071+05:30 repo=gorm method=GetAllMembers time=2023-12-19T10:45:54.4114301+05:30 Members="&[{ID:1 FirstName:arun Lastname:p Email:arunchandramohan.3@gmail.com Phone:9785641234 Password:$2a$10$wwielvjjkbpiqSeRD6EuvuBP9hyAorFODM0HpVx1wanvMqhdVPf3W Addresses:[{ID:1 MemberID:1 AddressLine1:1 AddressLine2:SA road City:chennai Zip:621001 State:TN Country:India}]}]" time=2023-12-19T10:45:54.413054+05:30
service=user time=2023-12-19T10:41:36.3903755+05:30 caller=service.go:160 method=GetAllMembersService time=2023-12-19T10:45:54.4114301+05:30 Message="Successfully retrived all the members" time=2023-12-19T10:45:54.4131746+05:30
level=info service=user time=2023-12-19T11:19:26.8014832+05:30 caller=main.go:32 msg="service started" port=8080 time=2023-12-19T11:19:26.8014832+05:30
service=user time=2023-12-19T11:19:26.8014832+05:30 caller=dbOperations.go:99 repo=gorm time=2023-12-19T11:19:26.9336717+05:30 repo=gorm method=MemberLoginByMailID time=2023-12-19T11:19:33.6039663+05:30 message="member with mail id arunchandramohan.3@gmail.comlogged in Successfully"
service=user time=2023-12-19T11:19:26.8014832+05:30 caller=service.go:144 method=MemberLoginService time=2023-12-19T11:19:33.6039663+05:30 Message="Successfully Member logged in" token=eyJhbGciOiJIUzI1NiIsInR5cCI6IkpXVCJ9.eyJlbWFpbCI6ImFydW5jaGFuZHJhbW9oYW4uM0BnbWFpbC5jb20iLCJleHAiOjE3MDI5Njg2MDMsImlkIjoxLCJtZW1iZXIiOiJtZW1iZXIifQ.D1LvdBHc945MHBeWMEq9R08z3e-AUQK2U3VfM4hPbRQ time=2023-12-19T11:19:33.666994+05:30
level=info service=user time=2023-12-20T13:51:40.5209309+05:30 caller=main.go:32 msg="service started" port=8080 time=2023-12-20T13:51:40.5209309+05:30
level=info service=user time=2023-12-20T16:25:05.9566007+05:30 caller=main.go:32 msg="service started" port=8080 time=2023-12-20T16:25:05.9566007+05:30
level=info service=user time=2023-12-20T16:53:34.2985535+05:30 caller=main.go:32 msg="service started" port=8080 time=2023-12-20T16:53:34.2985535+05:30
level=info service=user time=2023-12-20T16:53:34.2985535+05:30 caller=panic.go:914 msg="service ended" port=8080 time=2023-12-20T16:53:34.2996627+05:30
level=info service=user time=2023-12-20T16:53:54.9307738+05:30 caller=main.go:32 msg="service started" port=8080 time=2023-12-20T16:53:54.9307738+05:30
level=info service=user time=2023-12-20T16:53:54.9307738+05:30 caller=panic.go:914 msg="service ended" port=8080 time=2023-12-20T16:53:54.9313171+05:30
level=info service=user time=2023-12-20T16:54:10.6390187+05:30 caller=main.go:32 msg="service started" port=8080 time=2023-12-20T16:54:10.63955+05:30
level=info service=user time=2023-12-20T16:54:10.6390187+05:30 caller=dbOperations.go:112 repo=gorm time=2023-12-20T16:54:10.784077+05:30 repo=gorm method=GetAllMembers time=2023-12-20T16:54:21.5799678+05:30 Members="&[{ID:1 FirstName:arun Lastname:p Email:arunchandramohan.3@gmail.com Phone:9785641234 Password:$2a$10$wwielvjjkbpiqSeRD6EuvuBP9hyAorFODM0HpVx1wanvMqhdVPf3W Addresses:[{ID:1 MemberID:1 AddressLine1:1 AddressLine2:SA road City:chennai Zip:621001 State:TN Country:India}]}]" time=2023-12-20T16:54:21.582409+05:30
service=user time=2023-12-20T16:54:10.6390187+05:30 caller=service.go:161 method=GetAllMembersService time=2023-12-20T16:54:21.5799678+05:30 Message="Successfully retrived all the members" time=2023-12-20T16:54:21.582409+05:30
level=info service=user time=2023-12-20T16:56:17.256922+05:30 caller=main.go:32 msg="service started" port=8080 time=2023-12-20T16:56:17.256922+05:30
